{"meta": {"format": 3, "version": "7.10.2", "timestamp": "2026-01-16T10:59:54.430945", "branch_coverage": true, "show_contexts": false}, "files": {"src/fapilog/__init__.py": {"executed_lines": [1, 7, 9, 10, 11, 12, 13, 14, 15, 16, 17, 18, 19, 20, 21, 22, 24, 25, 28, 29, 30, 31, 32, 33, 34, 35, 36, 37, 38, 39, 40, 41, 42, 45, 47, 64, 67, 68, 71, 72, 77, 78, 79, 81, 83, 86, 89, 94, 98, 101, 106, 107, 108, 109, 110, 111, 112, 113, 114, 115, 116, 118, 119, 123, 126, 135, 138, 139, 140, 141, 144, 145, 146, 147, 148, 149, 150, 152, 155, 156, 157, 158, 163, 167, 168, 169, 170, 171, 172, 173, 174, 175, 176, 179, 180, 181, 182, 183, 184, 185, 186, 187, 188, 189, 190, 191, 192, 193, 194, 195, 197, 200, 203, 204, 206, 207, 209, 210, 211, 212, 213, 214, 215, 217, 226, 229, 244, 247, 262, 264, 265, 268, 274, 275, 276, 277, 278, 282, 289, 296, 297, 298, 300, 301, 302, 303, 304, 305, 306, 307, 308, 309, 310, 313, 322, 323, 324, 328, 329, 331, 332, 333, 335, 341, 347, 348, 349, 350, 351, 353, 368, 377, 378, 379, 380, 381, 382, 383, 384, 385, 387, 395, 398, 429, 430, 437, 438, 439, 440, 441, 442, 443, 444, 446, 448, 451, 453, 454, 455, 456, 458, 459, 460, 462, 468, 474, 475, 476, 477, 478, 479, 480, 482, 492, 502, 504, 505, 506, 507, 508, 510, 511, 512, 514, 520, 521, 523, 524, 525, 527, 528, 529, 531, 532, 533, 534, 537, 568, 569, 573, 574, 578, 579, 583, 584, 589, 592, 593, 595, 596, 598, 601, 602, 604, 605, 606, 607, 609, 610, 611, 613, 614, 615, 616, 617, 618, 619, 621, 622, 625, 635, 636, 657, 665, 666, 669, 701, 711, 718, 726, 758, 768, 769, 770, 771, 773, 781, 782, 786, 787, 788, 791, 792, 793, 794, 795, 797, 798, 799, 802, 803, 809, 810, 811, 812, 814, 815, 820, 821, 822, 824, 825, 826, 827, 828, 830, 831, 832, 833, 840, 841, 842, 843, 844, 847, 849, 850, 851, 852, 853, 854, 855, 858, 860, 864, 865, 868, 869, 870], "summary": {"covered_lines": 329, "num_statements": 353, "percent_covered": 92.55079006772009, "percent_covered_display": "93", "missing_lines": 24, "excluded_lines": 12, "num_branches": 90, "num_partial_branches": 9, "covered_branches": 81, "missing_branches": 9}, "missing_lines": [80, 82, 159, 160, 196, 205, 208, 224, 225, 279, 280, 393, 394, 463, 465, 488, 489, 834, 835, 836, 837, 838, 845, 846], "excluded_lines": [849, 850, 851, 852, 853, 854, 855, 856, 857, 858, 866, 867], "executed_branches": [[79, 81], [81, 83], [106, 107], [106, 108], [112, 113], [112, 114], [114, 115], [114, 116], [139, 140], [139, 144], [140, 141], [145, 146], [147, 148], [147, 150], [148, 147], [148, 149], [167, 168], [167, 169], [170, 171], [170, 172], [172, 173], [172, 176], [173, 174], [173, 175], [182, 183], [182, 185], [187, 188], [187, 195], [189, 190], [189, 194], [190, 191], [195, 197], [204, 206], [206, 207], [206, 226], [207, 209], [276, 277], [276, 289], [328, 329], [328, 331], [332, 333], [332, 341], [348, 349], [348, 353], [350, 351], [350, 353], [378, 379], [378, 395], [380, 381], [380, 382], [474, -468], [474, 475], [476, 477], [505, 506], [505, 510], [511, 512], [511, 523], [524, 525], [524, 531], [568, 569], [568, 573], [573, 574], [573, 578], [578, 579], [578, 583], [583, 584], [583, 589], [592, 593], [592, 598], [601, 602], [601, 606], [606, 607], [606, 613], [615, 616], [615, 617], [618, 619], [618, 621], [814, 815], [814, 820], [830, 831], [830, 840]], "missing_branches": [[79, 80], [81, 82], [140, 139], [145, 152], [190, 193], [195, 196], [204, 205], [207, 208], [476, 474]], "functions": {"_normalize": {"executed_lines": [68], "summary": {"covered_lines": 1, "num_statements": 1, "percent_covered": 100.0, "percent_covered_display": "100", "missing_lines": 0, "excluded_lines": 0, "num_branches": 0, "num_partial_branches": 0, "covered_branches": 0, "missing_branches": 0}, "missing_lines": [], "excluded_lines": [], "executed_branches": [], "missing_branches": []}, "_plugin_allowed": {"executed_lines": [72, 77, 78, 79, 81, 83], "summary": {"covered_lines": 6, "num_statements": 8, "percent_covered": 66.66666666666667, "percent_covered_display": "67", "missing_lines": 2, "excluded_lines": 0, "num_branches": 4, "num_partial_branches": 2, "covered_branches": 2, "missing_branches": 2}, "missing_lines": [80, 82], "excluded_lines": [], "executed_branches": [[79, 81], [81, 83]], "missing_branches": [[79, 80], [81, 82]]}, "_apply_plugin_settings": {"executed_lines": [89, 94, 98], "summary": {"covered_lines": 3, "num_statements": 3, "percent_covered": 100.0, "percent_covered_display": "100", "missing_lines": 0, "excluded_lines": 0, "num_branches": 0, "num_partial_branches": 0, "covered_branches": 0, "missing_branches": 0}, "missing_lines": [], "excluded_lines": [], "executed_branches": [], "missing_branches": []}, "_apply_default_log_level": {"executed_lines": [106, 107, 108, 109, 110, 111, 112, 113, 114, 115, 116, 118, 119, 123], "summary": {"covered_lines": 14, "num_statements": 14, "percent_covered": 100.0, "percent_covered_display": "100", "missing_lines": 0, "excluded_lines": 0, "num_branches": 6, "num_partial_branches": 0, "covered_branches": 6, "missing_branches": 0}, "missing_lines": [], "excluded_lines": [], "executed_branches": [[106, 107], [106, 108], [112, 113], [112, 114], [114, 115], [114, 116]], "missing_branches": []}, "_apply_environment_config": {"executed_lines": [135, 138, 139, 140, 141, 144, 145, 146, 147, 148, 149, 150, 152], "summary": {"covered_lines": 13, "num_statements": 13, "percent_covered": 91.30434782608695, "percent_covered_display": "91", "missing_lines": 0, "excluded_lines": 0, "num_branches": 10, "num_partial_branches": 2, "covered_branches": 8, "missing_branches": 2}, "missing_lines": [], "excluded_lines": [], "executed_branches": [[139, 140], [139, 144], [140, 141], [145, 146], [147, 148], [147, 150], [148, 147], [148, 149]], "missing_branches": [[140, 139], [145, 152]]}, "_stdout_is_tty": {"executed_lines": [156, 157, 158], "summary": {"covered_lines": 3, "num_statements": 5, "percent_covered": 60.0, "percent_covered_display": "60", "missing_lines": 2, "excluded_lines": 0, "num_branches": 0, "num_partial_branches": 0, "covered_branches": 0, "missing_branches": 0}, "missing_lines": [159, 160], "excluded_lines": [], "executed_branches": [], "missing_branches": []}, "_resolve_format": {"executed_lines": [167, 168, 169, 170, 171, 172, 173, 174, 175, 176], "summary": {"covered_lines": 10, "num_statements": 10, "percent_covered": 100.0, "percent_covered_display": "100", "missing_lines": 0, "excluded_lines": 0, "num_branches": 8, "num_partial_branches": 0, "covered_branches": 8, "missing_branches": 0}, "missing_lines": [], "excluded_lines": [], "executed_branches": [[167, 168], [167, 169], [170, 171], [170, 172], [172, 173], [172, 176], [173, 174], [173, 175]], "missing_branches": []}, "_apply_format": {"executed_lines": [180, 181, 182, 183, 184, 185, 186, 187, 188, 189, 190, 191, 192, 193, 194, 195, 197], "summary": {"covered_lines": 17, "num_statements": 18, "percent_covered": 89.28571428571429, "percent_covered_display": "89", "missing_lines": 1, "excluded_lines": 0, "num_branches": 10, "num_partial_branches": 2, "covered_branches": 8, "missing_branches": 2}, "missing_lines": [196], "excluded_lines": [], "executed_branches": [[182, 183], [182, 185], [187, 188], [187, 195], [189, 190], [189, 194], [190, 191], [195, 197]], "missing_branches": [[190, 193], [195, 196]]}, "_load_plugins": {"executed_lines": [203, 204, 206, 207, 209, 210, 211, 212, 213, 214, 215, 217, 226], "summary": {"covered_lines": 13, "num_statements": 17, "percent_covered": 73.91304347826087, "percent_covered_display": "74", "missing_lines": 4, "excluded_lines": 0, "num_branches": 6, "num_partial_branches": 2, "covered_branches": 4, "missing_branches": 2}, "missing_lines": [205, 208, 224, 225], "excluded_lines": [], "executed_branches": [[204, 206], [206, 207], [206, 226], [207, 209]], "missing_branches": [[204, 205], [207, 208]]}, "_build_pipeline": {"executed_lines": [244], "summary": {"covered_lines": 1, "num_statements": 1, "percent_covered": 100.0, "percent_covered_display": "100", "missing_lines": 0, "excluded_lines": 0, "num_branches": 0, "num_partial_branches": 0, "covered_branches": 0, "missing_branches": 0}, "missing_lines": [], "excluded_lines": [], "executed_branches": [], "missing_branches": []}, "_fanout_writer": {"executed_lines": [262, 264, 265], "summary": {"covered_lines": 3, "num_statements": 3, "percent_covered": 100.0, "percent_covered_display": "100", "missing_lines": 0, "excluded_lines": 0, "num_branches": 0, "num_partial_branches": 0, "covered_branches": 0, "missing_branches": 0}, "missing_lines": [], "excluded_lines": [], "executed_branches": [], "missing_branches": []}, "_routing_or_fanout_writer": {"executed_lines": [274, 275, 276, 277, 278, 282, 289], "summary": {"covered_lines": 7, "num_statements": 9, "percent_covered": 81.81818181818181, "percent_covered_display": "82", "missing_lines": 2, "excluded_lines": 0, "num_branches": 2, "num_partial_branches": 0, "covered_branches": 2, "missing_branches": 0}, "missing_lines": [279, 280], "excluded_lines": [], "executed_branches": [[276, 277], [276, 289]], "missing_branches": []}, "_configure_logger_common": {"executed_lines": [322, 323, 324, 328, 329, 331, 332, 333, 335, 341, 347, 348, 349, 350, 351, 353], "summary": {"covered_lines": 16, "num_statements": 16, "percent_covered": 100.0, "percent_covered_display": "100", "missing_lines": 0, "excluded_lines": 0, "num_branches": 8, "num_partial_branches": 0, "covered_branches": 8, "missing_branches": 0}, "missing_lines": [], "excluded_lines": [], "executed_branches": [[328, 329], [328, 331], [332, 333], [332, 341], [348, 349], [348, 353], [350, 351], [350, 353]], "missing_branches": []}, "_start_plugins": {"executed_lines": [377, 378, 379, 380, 381, 382, 383, 384, 385, 387, 395], "summary": {"covered_lines": 11, "num_statements": 13, "percent_covered": 88.23529411764706, "percent_covered_display": "88", "missing_lines": 2, "excluded_lines": 0, "num_branches": 4, "num_partial_branches": 0, "covered_branches": 4, "missing_branches": 0}, "missing_lines": [393, 394], "excluded_lines": [], "executed_branches": [[378, 379], [378, 395], [380, 381], [380, 382]], "missing_branches": []}, "_start_plugins_sync": {"executed_lines": [429, 437, 446, 448, 451, 453, 454, 455, 456, 458, 459, 460, 462], "summary": {"covered_lines": 13, "num_statements": 15, "percent_covered": 86.66666666666667, "percent_covered_display": "87", "missing_lines": 2, "excluded_lines": 0, "num_branches": 0, "num_partial_branches": 0, "covered_branches": 0, "missing_branches": 0}, "missing_lines": [463, 465], "excluded_lines": [], "executed_branches": [], "missing_branches": []}, "_start_plugins_sync._do_start": {"executed_lines": [430], "summary": {"covered_lines": 1, "num_statements": 1, "percent_covered": 100.0, "percent_covered_display": "100", "missing_lines": 0, "excluded_lines": 0, "num_branches": 0, "num_partial_branches": 0, "covered_branches": 0, "missing_branches": 0}, "missing_lines": [], "excluded_lines": [], "executed_branches": [], "missing_branches": []}, "_start_plugins_sync._run_sync": {"executed_lines": [438, 439, 440, 441, 442, 443, 444], "summary": {"covered_lines": 7, "num_statements": 7, "percent_covered": 100.0, "percent_covered_display": "100", "missing_lines": 0, "excluded_lines": 0, "num_branches": 0, "num_partial_branches": 0, "covered_branches": 0, "missing_branches": 0}, "missing_lines": [], "excluded_lines": [], "executed_branches": [], "missing_branches": []}, "_stop_plugins": {"executed_lines": [474, 475, 476, 477, 478, 479, 480, 482], "summary": {"covered_lines": 8, "num_statements": 10, "percent_covered": 78.57142857142857, "percent_covered_display": "79", "missing_lines": 2, "excluded_lines": 0, "num_branches": 4, "num_partial_branches": 1, "covered_branches": 3, "missing_branches": 1}, "missing_lines": [488, 489], "excluded_lines": [], "executed_branches": [[474, -468], [474, 475], [476, 477]], "missing_branches": [[476, 474]]}, "_apply_logger_extras": {"executed_lines": [502, 504, 505, 506, 507, 508, 510, 511, 512, 514, 520, 521, 523, 524, 525, 527, 528, 529, 531, 532, 533, 534], "summary": {"covered_lines": 22, "num_statements": 22, "percent_covered": 100.0, "percent_covered_display": "100", "missing_lines": 0, "excluded_lines": 0, "num_branches": 6, "num_partial_branches": 0, "covered_branches": 6, "missing_branches": 0}, "missing_lines": [], "excluded_lines": [], "executed_branches": [[505, 506], [505, 510], [511, 512], [511, 523], [524, 525], [524, 531]], "missing_branches": []}, "_prepare_logger": {"executed_lines": [568, 569, 573, 574, 578, 579, 583, 584, 589, 592, 593, 595, 596, 598, 601, 602, 604, 605, 606, 607, 609, 610, 611, 613, 614, 615, 616, 617, 618, 619, 621, 622], "summary": {"covered_lines": 32, "num_statements": 32, "percent_covered": 100.0, "percent_covered_display": "100", "missing_lines": 0, "excluded_lines": 0, "num_branches": 18, "num_partial_branches": 0, "covered_branches": 18, "missing_branches": 0}, "missing_lines": [], "excluded_lines": [], "executed_branches": [[568, 569], [568, 573], [573, 574], [573, 578], [578, 579], [578, 583], [583, 584], [583, 589], [592, 593], [592, 598], [601, 602], [601, 606], [606, 607], [606, 613], [615, 616], [615, 617], [618, 619], [618, 621]], "missing_branches": []}, "_create_and_start_facade": {"executed_lines": [635, 636, 657, 665, 666], "summary": {"covered_lines": 5, "num_statements": 5, "percent_covered": 100.0, "percent_covered_display": "100", "missing_lines": 0, "excluded_lines": 0, "num_branches": 0, "num_partial_branches": 0, "covered_branches": 0, "missing_branches": 0}, "missing_lines": [], "excluded_lines": [], "executed_branches": [], "missing_branches": []}, "get_logger": {"executed_lines": [701, 711, 718], "summary": {"covered_lines": 3, "num_statements": 3, "percent_covered": 100.0, "percent_covered_display": "100", "missing_lines": 0, "excluded_lines": 0, "num_branches": 0, "num_partial_branches": 0, "covered_branches": 0, "missing_branches": 0}, "missing_lines": [], "excluded_lines": [], "executed_branches": [], "missing_branches": []}, "get_async_logger": {"executed_lines": [758, 768, 769, 770, 771, 773], "summary": {"covered_lines": 6, "num_statements": 6, "percent_covered": 100.0, "percent_covered_display": "100", "missing_lines": 0, "excluded_lines": 0, "num_branches": 0, "num_partial_branches": 0, "covered_branches": 0, "missing_branches": 0}, "missing_lines": [], "excluded_lines": [], "executed_branches": [], "missing_branches": []}, "runtime_async": {"executed_lines": [786, 787, 788, 791, 792, 793, 794, 795, 797, 798, 799], "summary": {"covered_lines": 11, "num_statements": 11, "percent_covered": 100.0, "percent_covered_display": "100", "missing_lines": 0, "excluded_lines": 0, "num_branches": 0, "num_partial_branches": 0, "covered_branches": 0, "missing_branches": 0}, "missing_lines": [], "excluded_lines": [], "executed_branches": [], "missing_branches": []}, "runtime": {"executed_lines": [809, 810, 811, 812, 814, 815, 820, 821, 822, 824, 825, 826, 827, 828, 830, 831, 832, 833, 840, 841, 842, 843, 844, 847, 849, 850, 851, 852, 853, 854, 855, 858, 860], "summary": {"covered_lines": 25, "num_statements": 32, "percent_covered": 80.55555555555556, "percent_covered_display": "81", "missing_lines": 7, "excluded_lines": 10, "num_branches": 4, "num_partial_branches": 0, "covered_branches": 4, "missing_branches": 0}, "missing_lines": [834, 835, 836, 837, 838, 845, 846], "excluded_lines": [849, 850, 851, 852, 853, 854, 855, 856, 857, 858], "executed_branches": [[814, 815], [814, 820], [830, 831], [830, 840]], "missing_branches": []}, "": {"executed_lines": [1, 7, 9, 10, 11, 12, 13, 14, 15, 16, 17, 18, 19, 20, 21, 22, 24, 25, 28, 29, 30, 31, 32, 33, 34, 35, 36, 37, 38, 39, 40, 41, 42, 45, 47, 64, 67, 71, 86, 101, 126, 155, 163, 179, 200, 229, 247, 268, 296, 297, 298, 300, 301, 302, 303, 304, 305, 306, 307, 308, 309, 310, 313, 368, 398, 468, 492, 537, 625, 669, 726, 781, 782, 802, 803, 864, 865, 868, 869, 870], "summary": {"covered_lines": 78, "num_statements": 78, "percent_covered": 100.0, "percent_covered_display": "100", "missing_lines": 0, "excluded_lines": 2, "num_branches": 0, "num_partial_branches": 0, "covered_branches": 0, "missing_branches": 0}, "missing_lines": [], "excluded_lines": [866, 867], "executed_branches": [], "missing_branches": []}}, "classes": {"_LoggerSetup": {"executed_lines": [], "summary": {"covered_lines": 0, "num_statements": 0, "percent_covered": 100.0, "percent_covered_display": "100", "missing_lines": 0, "excluded_lines": 0, "num_branches": 0, "num_partial_branches": 0, "covered_branches": 0, "missing_branches": 0}, "missing_lines": [], "excluded_lines": [], "executed_branches": [], "missing_branches": []}, "": {"executed_lines": [1, 7, 9, 10, 11, 12, 13, 14, 15, 16, 17, 18, 19, 20, 21, 22, 24, 25, 28, 29, 30, 31, 32, 33, 34, 35, 36, 37, 38, 39, 40, 41, 42, 45, 47, 64, 67, 68, 71, 72, 77, 78, 79, 81, 83, 86, 89, 94, 98, 101, 106, 107, 108, 109, 110, 111, 112, 113, 114, 115, 116, 118, 119, 123, 126, 135, 138, 139, 140, 141, 144, 145, 146, 147, 148, 149, 150, 152, 155, 156, 157, 158, 163, 167, 168, 169, 170, 171, 172, 173, 174, 175, 176, 179, 180, 181, 182, 183, 184, 185, 186, 187, 188, 189, 190, 191, 192, 193, 194, 195, 197, 200, 203, 204, 206, 207, 209, 210, 211, 212, 213, 214, 215, 217, 226, 229, 244, 247, 262, 264, 265, 268, 274, 275, 276, 277, 278, 282, 289, 296, 297, 298, 300, 301, 302, 303, 304, 305, 306, 307, 308, 309, 310, 313, 322, 323, 324, 328, 329, 331, 332, 333, 335, 341, 347, 348, 349, 350, 351, 353, 368, 377, 378, 379, 380, 381, 382, 383, 384, 385, 387, 395, 398, 429, 430, 437, 438, 439, 440, 441, 442, 443, 444, 446, 448, 451, 453, 454, 455, 456, 458, 459, 460, 462, 468, 474, 475, 476, 477, 478, 479, 480, 482, 492, 502, 504, 505, 506, 507, 508, 510, 511, 512, 514, 520, 521, 523, 524, 525, 527, 528, 529, 531, 532, 533, 534, 537, 568, 569, 573, 574, 578, 579, 583, 584, 589, 592, 593, 595, 596, 598, 601, 602, 604, 605, 606, 607, 609, 610, 611, 613, 614, 615, 616, 617, 618, 619, 621, 622, 625, 635, 636, 657, 665, 666, 669, 701, 711, 718, 726, 758, 768, 769, 770, 771, 773, 781, 782, 786, 787, 788, 791, 792, 793, 794, 795, 797, 798, 799, 802, 803, 809, 810, 811, 812, 814, 815, 820, 821, 822, 824, 825, 826, 827, 828, 830, 831, 832, 833, 840, 841, 842, 843, 844, 847, 849, 850, 851, 852, 853, 854, 855, 858, 860, 864, 865, 868, 869, 870], "summary": {"covered_lines": 329, "num_statements": 353, "percent_covered": 92.55079006772009, "percent_covered_display": "93", "missing_lines": 24, "excluded_lines": 12, "num_branches": 90, "num_partial_branches": 9, "covered_branches": 81, "missing_branches": 9}, "missing_lines": [80, 82, 159, 160, 196, 205, 208, 224, 225, 279, 280, 393, 394, 463, 465, 488, 489, 834, 835, 836, 837, 838, 845, 846], "excluded_lines": [849, 850, 851, 852, 853, 854, 855, 856, 857, 858, 866, 867], "executed_branches": [[79, 81], [81, 83], [106, 107], [106, 108], [112, 113], [112, 114], [114, 115], [114, 116], [139, 140], [139, 144], [140, 141], [145, 146], [147, 148], [147, 150], [148, 147], [148, 149], [167, 168], [167, 169], [170, 171], [170, 172], [172, 173], [172, 176], [173, 174], [173, 175], [182, 183], [182, 185], [187, 188], [187, 195], [189, 190], [189, 194], [190, 191], [195, 197], [204, 206], [206, 207], [206, 226], [207, 209], [276, 277], [276, 289], [328, 329], [328, 331], [332, 333], [332, 341], [348, 349], [348, 353], [350, 351], [350, 353], [378, 379], [378, 395], [380, 381], [380, 382], [474, -468], [474, 475], [476, 477], [505, 506], [505, 510], [511, 512], [511, 523], [524, 525], [524, 531], [568, 569], [568, 573], [573, 574], [573, 578], [578, 579], [578, 583], [583, 584], [583, 589], [592, 593], [592, 598], [601, 602], [601, 606], [606, 607], [606, 613], [615, 616], [615, 617], [618, 619], [618, 621], [814, 815], [814, 820], [830, 831], [830, 840]], "missing_branches": [[79, 80], [81, 82], [140, 139], [145, 152], [190, 193], [195, 196], [204, 205], [207, 208], [476, 474]]}}}, "src/fapilog/_version.py": {"executed_lines": [4, 13, 14, 21, 22, 24, 25, 26, 27, 28, 29, 31, 32, 34], "summary": {"covered_lines": 14, "num_statements": 18, "percent_covered": 75.0, "percent_covered_display": "75", "missing_lines": 4, "excluded_lines": 0, "num_branches": 2, "num_partial_branches": 1, "covered_branches": 1, "missing_branches": 1}, "missing_lines": [15, 16, 18, 19], "excluded_lines": [], "executed_branches": [[14, 21]], "missing_branches": [[14, 15]], "functions": {"": {"executed_lines": [4, 13, 14, 21, 22, 24, 25, 26, 27, 28, 29, 31, 32, 34], "summary": {"covered_lines": 14, "num_statements": 18, "percent_covered": 75.0, "percent_covered_display": "75", "missing_lines": 4, "excluded_lines": 0, "num_branches": 2, "num_partial_branches": 1, "covered_branches": 1, "missing_branches": 1}, "missing_lines": [15, 16, 18, 19], "excluded_lines": [], "executed_branches": [[14, 21]], "missing_branches": [[14, 15]]}}, "classes": {"": {"executed_lines": [4, 13, 14, 21, 22, 24, 25, 26, 27, 28, 29, 31, 32, 34], "summary": {"covered_lines": 14, "num_statements": 18, "percent_covered": 75.0, "percent_covered_display": "75", "missing_lines": 4, "excluded_lines": 0, "num_branches": 2, "num_partial_branches": 1, "covered_branches": 1, "missing_branches": 1}, "missing_lines": [15, 16, 18, 19], "excluded_lines": [], "executed_branches": [[14, 21]], "missing_branches": [[14, 15]]}}}, "src/fapilog/builder.py": {"executed_lines": [1, 3, 5, 6, 8, 12, 13, 19, 20, 21, 22, 23, 25, 27, 28, 30, 32, 33, 35, 47, 48, 51, 52, 54, 75, 76, 78, 83, 84, 86, 87, 89, 90, 92, 93, 95, 101, 102, 103, 105, 107, 109, 126, 127, 129, 134, 135, 137, 138, 140, 159, 160, 162, 167, 168, 170, 171, 173, 174, 176, 188, 189, 191, 192, 193, 194, 196, 197, 198, 199, 201, 203, 209, 210, 212, 218, 219, 220, 222, 228, 229, 230, 232, 238, 239, 241, 247, 248, 250, 256, 258, 259, 260, 262, 263, 264, 266, 275, 276, 279, 280, 282, 284, 286, 289, 290, 291, 294, 295, 296, 297, 299, 300, 301, 302, 304, 306, 308, 309, 310, 312, 315, 316, 321, 330, 331, 334, 335, 337, 339, 341, 344, 354, 355, 356, 357, 359], "summary": {"covered_lines": 134, "num_statements": 142, "percent_covered": 91.83673469387755, "percent_covered_display": "92", "missing_lines": 8, "excluded_lines": 0, "num_branches": 54, "num_partial_branches": 4, "covered_branches": 46, "missing_branches": 8}, "missing_lines": [9, 261, 345, 346, 349, 350, 351, 352], "excluded_lines": [], "executed_branches": [[8, 12], [47, 48], [47, 51], [75, 76], [75, 78], [83, 84], [83, 86], [86, 87], [86, 89], [89, 90], [89, 92], [126, 127], [126, 129], [134, 135], [134, 137], [159, 160], [159, 162], [167, 168], [167, 170], [170, 171], [170, 173], [191, 192], [191, 196], [192, 193], [192, 194], [196, 197], [196, 201], [197, 198], [258, 259], [258, 263], [260, 262], [279, 280], [279, 286], [289, 290], [289, 299], [295, 296], [295, 299], [296, 295], [296, 297], [308, -306], [308, 309], [309, 310], [309, 312], [334, 335], [334, 341], [344, 354]], "missing_branches": [[8, 9], [197, 199], [260, 261], [344, 345], [350, 351], [350, 354], [351, 350], [351, 352]], "functions": {"LoggerBuilder.__init__": {"executed_lines": [20, 21, 22, 23], "summary": {"covered_lines": 4, "num_statements": 4, "percent_covered": 100.0, "percent_covered_display": "100", "missing_lines": 0, "excluded_lines": 0, "num_branches": 0, "num_partial_branches": 0, "covered_branches": 0, "missing_branches": 0}, "missing_lines": [], "excluded_lines": [], "executed_branches": [], "missing_branches": []}, "LoggerBuilder.with_name": {"executed_lines": [27, 28], "summary": {"covered_lines": 2, "num_statements": 2, "percent_covered": 100.0, "percent_covered_display": "100", "missing_lines": 0, "excluded_lines": 0, "num_branches": 0, "num_partial_branches": 0, "covered_branches": 0, "missing_branches": 0}, "missing_lines": [], "excluded_lines": [], "executed_branches": [], "missing_branches": []}, "LoggerBuilder.with_level": {"executed_lines": [32, 33], "summary": {"covered_lines": 2, "num_statements": 2, "percent_covered": 100.0, "percent_covered_display": "100", "missing_lines": 0, "excluded_lines": 0, "num_branches": 0, "num_partial_branches": 0, "covered_branches": 0, "missing_branches": 0}, "missing_lines": [], "excluded_lines": [], "executed_branches": [], "missing_branches": []}, "LoggerBuilder.with_preset": {"executed_lines": [47, 48, 51, 52], "summary": {"covered_lines": 4, "num_statements": 4, "percent_covered": 100.0, "percent_covered_display": "100", "missing_lines": 0, "excluded_lines": 0, "num_branches": 2, "num_partial_branches": 0, "covered_branches": 2, "missing_branches": 0}, "missing_lines": [], "excluded_lines": [], "executed_branches": [[47, 48], [47, 51]], "missing_branches": []}, "LoggerBuilder.add_file": {"executed_lines": [75, 76, 78, 83, 84, 86, 87, 89, 90, 92, 93], "summary": {"covered_lines": 11, "num_statements": 11, "percent_covered": 100.0, "percent_covered_display": "100", "missing_lines": 0, "excluded_lines": 0, "num_branches": 8, "num_partial_branches": 0, "covered_branches": 8, "missing_branches": 0}, "missing_lines": [], "excluded_lines": [], "executed_branches": [[75, 76], [75, 78], [83, 84], [83, 86], [86, 87], [86, 89], [89, 90], [89, 92]], "missing_branches": []}, "LoggerBuilder.add_stdout": {"executed_lines": [101, 102, 103], "summary": {"covered_lines": 3, "num_statements": 3, "percent_covered": 100.0, "percent_covered_display": "100", "missing_lines": 0, "excluded_lines": 0, "num_branches": 0, "num_partial_branches": 0, "covered_branches": 0, "missing_branches": 0}, "missing_lines": [], "excluded_lines": [], "executed_branches": [], "missing_branches": []}, "LoggerBuilder.add_stdout_pretty": {"executed_lines": [107], "summary": {"covered_lines": 1, "num_statements": 1, "percent_covered": 100.0, "percent_covered_display": "100", "missing_lines": 0, "excluded_lines": 0, "num_branches": 0, "num_partial_branches": 0, "covered_branches": 0, "missing_branches": 0}, "missing_lines": [], "excluded_lines": [], "executed_branches": [], "missing_branches": []}, "LoggerBuilder.add_http": {"executed_lines": [126, 127, 129, 134, 135, 137, 138], "summary": {"covered_lines": 7, "num_statements": 7, "percent_covered": 100.0, "percent_covered_display": "100", "missing_lines": 0, "excluded_lines": 0, "num_branches": 4, "num_partial_branches": 0, "covered_branches": 4, "missing_branches": 0}, "missing_lines": [], "excluded_lines": [], "executed_branches": [[126, 127], [126, 129], [134, 135], [134, 137]], "missing_branches": []}, "LoggerBuilder.add_webhook": {"executed_lines": [159, 160, 162, 167, 168, 170, 171, 173, 174], "summary": {"covered_lines": 9, "num_statements": 9, "percent_covered": 100.0, "percent_covered_display": "100", "missing_lines": 0, "excluded_lines": 0, "num_branches": 6, "num_partial_branches": 0, "covered_branches": 6, "missing_branches": 0}, "missing_lines": [], "excluded_lines": [], "executed_branches": [[159, 160], [159, 162], [167, 168], [167, 170], [170, 171], [170, 173]], "missing_branches": []}, "LoggerBuilder.with_redaction": {"executed_lines": [188, 189, 191, 192, 193, 194, 196, 197, 198, 199, 201], "summary": {"covered_lines": 11, "num_statements": 11, "percent_covered": 94.73684210526316, "percent_covered_display": "95", "missing_lines": 0, "excluded_lines": 0, "num_branches": 8, "num_partial_branches": 1, "covered_branches": 7, "missing_branches": 1}, "missing_lines": [], "excluded_lines": [], "executed_branches": [[191, 192], [191, 196], [192, 193], [192, 194], [196, 197], [196, 201], [197, 198]], "missing_branches": [[197, 199]]}, "LoggerBuilder.with_context": {"executed_lines": [209, 210], "summary": {"covered_lines": 2, "num_statements": 2, "percent_covered": 100.0, "percent_covered_display": "100", "missing_lines": 0, "excluded_lines": 0, "num_branches": 0, "num_partial_branches": 0, "covered_branches": 0, "missing_branches": 0}, "missing_lines": [], "excluded_lines": [], "executed_branches": [], "missing_branches": []}, "LoggerBuilder.with_enrichers": {"executed_lines": [218, 219, 220], "summary": {"covered_lines": 3, "num_statements": 3, "percent_covered": 100.0, "percent_covered_display": "100", "missing_lines": 0, "excluded_lines": 0, "num_branches": 0, "num_partial_branches": 0, "covered_branches": 0, "missing_branches": 0}, "missing_lines": [], "excluded_lines": [], "executed_branches": [], "missing_branches": []}, "LoggerBuilder.with_filters": {"executed_lines": [228, 229, 230], "summary": {"covered_lines": 3, "num_statements": 3, "percent_covered": 100.0, "percent_covered_display": "100", "missing_lines": 0, "excluded_lines": 0, "num_branches": 0, "num_partial_branches": 0, "covered_branches": 0, "missing_branches": 0}, "missing_lines": [], "excluded_lines": [], "executed_branches": [], "missing_branches": []}, "LoggerBuilder.with_queue_size": {"executed_lines": [238, 239], "summary": {"covered_lines": 2, "num_statements": 2, "percent_covered": 100.0, "percent_covered_display": "100", "missing_lines": 0, "excluded_lines": 0, "num_branches": 0, "num_partial_branches": 0, "covered_branches": 0, "missing_branches": 0}, "missing_lines": [], "excluded_lines": [], "executed_branches": [], "missing_branches": []}, "LoggerBuilder.with_batch_size": {"executed_lines": [247, 248], "summary": {"covered_lines": 2, "num_statements": 2, "percent_covered": 100.0, "percent_covered_display": "100", "missing_lines": 0, "excluded_lines": 0, "num_branches": 0, "num_partial_branches": 0, "covered_branches": 0, "missing_branches": 0}, "missing_lines": [], "excluded_lines": [], "executed_branches": [], "missing_branches": []}, "LoggerBuilder.with_batch_timeout": {"executed_lines": [256, 258, 259, 260, 262, 263, 264], "summary": {"covered_lines": 7, "num_statements": 8, "percent_covered": 83.33333333333333, "percent_covered_display": "83", "missing_lines": 1, "excluded_lines": 0, "num_branches": 4, "num_partial_branches": 1, "covered_branches": 3, "missing_branches": 1}, "missing_lines": [261], "excluded_lines": [], "executed_branches": [[258, 259], [258, 263], [260, 262]], "missing_branches": [[260, 261]]}, "LoggerBuilder.build": {"executed_lines": [275, 276, 279, 280, 282, 284, 286, 289, 290, 291, 294, 295, 296, 297, 299, 300, 301, 302, 304], "summary": {"covered_lines": 19, "num_statements": 19, "percent_covered": 100.0, "percent_covered_display": "100", "missing_lines": 0, "excluded_lines": 0, "num_branches": 8, "num_partial_branches": 0, "covered_branches": 8, "missing_branches": 0}, "missing_lines": [], "excluded_lines": [], "executed_branches": [[279, 280], [279, 286], [289, 290], [289, 299], [295, 296], [295, 299], [296, 295], [296, 297]], "missing_branches": []}, "LoggerBuilder._deep_merge": {"executed_lines": [308, 309, 310, 312], "summary": {"covered_lines": 4, "num_statements": 4, "percent_covered": 100.0, "percent_covered_display": "100", "missing_lines": 0, "excluded_lines": 0, "num_branches": 4, "num_partial_branches": 0, "covered_branches": 4, "missing_branches": 0}, "missing_lines": [], "excluded_lines": [], "executed_branches": [[308, -306], [308, 309], [309, 310], [309, 312]], "missing_branches": []}, "AsyncLoggerBuilder.build_async": {"executed_lines": [330, 331, 334, 335, 337, 339, 341, 344, 354, 355, 356, 357, 359], "summary": {"covered_lines": 13, "num_statements": 19, "percent_covered": 59.25925925925926, "percent_covered_display": "59", "missing_lines": 6, "excluded_lines": 0, "num_branches": 8, "num_partial_branches": 1, "covered_branches": 3, "missing_branches": 5}, "missing_lines": [345, 346, 349, 350, 351, 352], "excluded_lines": [], "executed_branches": [[334, 335], [334, 341], [344, 354]], "missing_branches": [[344, 345], [350, 351], [350, 354], [351, 350], [351, 352]]}, "": {"executed_lines": [1, 3, 5, 6, 8, 12, 13, 19, 25, 30, 35, 54, 95, 105, 109, 140, 176, 203, 212, 222, 232, 241, 250, 266, 306, 315, 316, 321], "summary": {"covered_lines": 25, "num_statements": 26, "percent_covered": 92.85714285714286, "percent_covered_display": "93", "missing_lines": 1, "excluded_lines": 0, "num_branches": 2, "num_partial_branches": 1, "covered_branches": 1, "missing_branches": 1}, "missing_lines": [9], "excluded_lines": [], "executed_branches": [[8, 12]], "missing_branches": [[8, 9]]}}, "classes": {"LoggerBuilder": {"executed_lines": [20, 21, 22, 23, 27, 28, 32, 33, 47, 48, 51, 52, 75, 76, 78, 83, 84, 86, 87, 89, 90, 92, 93, 101, 102, 103, 107, 126, 127, 129, 134, 135, 137, 138, 159, 160, 162, 167, 168, 170, 171, 173, 174, 188, 189, 191, 192, 193, 194, 196, 197, 198, 199, 201, 209, 210, 218, 219, 220, 228, 229, 230, 238, 239, 247, 248, 256, 258, 259, 260, 262, 263, 264, 275, 276, 279, 280, 282, 284, 286, 289, 290, 291, 294, 295, 296, 297, 299, 300, 301, 302, 304, 308, 309, 310, 312], "summary": {"covered_lines": 96, "num_statements": 97, "percent_covered": 97.87234042553192, "percent_covered_display": "98", "missing_lines": 1, "excluded_lines": 0, "num_branches": 44, "num_partial_branches": 2, "covered_branches": 42, "missing_branches": 2}, "missing_lines": [261], "excluded_lines": [], "executed_branches": [[47, 48], [47, 51], [75, 76], [75, 78], [83, 84], [83, 86], [86, 87], [86, 89], [89, 90], [89, 92], [126, 127], [126, 129], [134, 135], [134, 137], [159, 160], [159, 162], [167, 168], [167, 170], [170, 171], [170, 173], [191, 192], [191, 196], [192, 193], [192, 194], [196, 197], [196, 201], [197, 198], [258, 259], [258, 263], [260, 262], [279, 280], [279, 286], [289, 290], [289, 299], [295, 296], [295, 299], [296, 295], [296, 297], [308, -306], [308, 309], [309, 310], [309, 312]], "missing_branches": [[197, 199], [260, 261]]}, "AsyncLoggerBuilder": {"executed_lines": [330, 331, 334, 335, 337, 339, 341, 344, 354, 355, 356, 357, 359], "summary": {"covered_lines": 13, "num_statements": 19, "percent_covered": 59.25925925925926, "percent_covered_display": "59", "missing_lines": 6, "excluded_lines": 0, "num_branches": 8, "num_partial_branches": 1, "covered_branches": 3, "missing_branches": 5}, "missing_lines": [345, 346, 349, 350, 351, 352], "excluded_lines": [], "executed_branches": [[334, 335], [334, 341], [344, 354]], "missing_branches": [[344, 345], [350, 351], [350, 354], [351, 350], [351, 352]]}, "": {"executed_lines": [1, 3, 5, 6, 8, 12, 13, 19, 25, 30, 35, 54, 95, 105, 109, 140, 176, 203, 212, 222, 232, 241, 250, 266, 306, 315, 316, 321], "summary": {"covered_lines": 25, "num_statements": 26, "percent_covered": 92.85714285714286, "percent_covered_display": "93", "missing_lines": 1, "excluded_lines": 0, "num_branches": 2, "num_partial_branches": 1, "covered_branches": 1, "missing_branches": 1}, "missing_lines": [9], "excluded_lines": [], "executed_branches": [[8, 12]], "missing_branches": [[8, 9]]}}}, "src/fapilog/caching/__init__.py": {"executed_lines": [1, 9, 11], "summary": {"covered_lines": 2, "num_statements": 2, "percent_covered": 100.0, "percent_covered_display": "100", "missing_lines": 0, "excluded_lines": 0, "num_branches": 0, "num_partial_branches": 0, "covered_branches": 0, "missing_branches": 0}, "missing_lines": [], "excluded_lines": [], "executed_branches": [], "missing_branches": [], "functions": {"": {"executed_lines": [1, 9, 11], "summary": {"covered_lines": 2, "num_statements": 2, "percent_covered": 100.0, "percent_covered_display": "100", "missing_lines": 0, "excluded_lines": 0, "num_branches": 0, "num_partial_branches": 0, "covered_branches": 0, "missing_branches": 0}, "missing_lines": [], "excluded_lines": [], "executed_branches": [], "missing_branches": []}}, "classes": {"": {"executed_lines": [1, 9, 11], "summary": {"covered_lines": 2, "num_statements": 2, "percent_covered": 100.0, "percent_covered_display": "100", "missing_lines": 0, "excluded_lines": 0, "num_branches": 0, "num_partial_branches": 0, "covered_branches": 0, "missing_branches": 0}, "missing_lines": [], "excluded_lines": [], "executed_branches": [], "missing_branches": []}}}, "src/fapilog/caching/cache.py": {"executed_lines": [1, 9, 10, 11, 13, 15, 22, 23, 25, 29, 33, 37, 41, 46, 47, 59, 72, 73, 75, 76, 79, 80, 83, 85, 87, 89, 96, 97, 98, 99, 100, 104, 107, 108, 113, 123, 124, 126, 128, 129, 130, 131, 133, 141, 142, 144, 146, 147, 149, 151, 154, 169, 170, 172, 174, 176, 177, 179, 180, 181, 184, 185, 187, 188, 191, 193, 206, 207, 209, 211, 213, 214, 216, 217, 219, 221, 222, 224, 225, 228, 231, 233, 234, 235, 237, 239, 241, 243, 245, 247, 249, 251, 254, 256, 258, 266, 268, 270, 271, 272, 275, 278, 280, 282, 284, 286, 288, 290, 292, 294, 296, 298, 300, 302, 304, 306, 308, 310, 312, 322, 324, 332, 334, 335, 341, 344, 347, 351], "summary": {"covered_lines": 118, "num_statements": 120, "percent_covered": 98.02631578947368, "percent_covered_display": "98", "missing_lines": 2, "excluded_lines": 23, "num_branches": 32, "num_partial_branches": 1, "covered_branches": 31, "missing_branches": 1}, "missing_lines": [110, 274], "excluded_lines": [22, 23, 24, 25, 26, 27, 28, 29, 30, 31, 32, 33, 34, 35, 36, 37, 38, 39, 40, 41, 42, 43, 351], "executed_branches": [[72, 73], [72, 75], [96, -89], [96, 97], [99, -89], [99, 100], [107, 108], [123, 124], [123, 126], [126, 128], [126, 131], [141, 142], [141, 144], [144, 146], [144, 147], [147, 149], [147, 151], [169, 170], [169, 172], [177, 179], [177, 184], [206, 207], [206, 209], [214, 216], [214, 217], [217, 219], [217, 221], [233, 234], [233, 235], [334, 335], [334, 341]], "missing_branches": [[107, 110]], "functions": {"CacheProtocol.get": {"executed_lines": [], "summary": {"covered_lines": 0, "num_statements": 0, "percent_covered": 100.0, "percent_covered_display": "100", "missing_lines": 0, "excluded_lines": 2, "num_branches": 0, "num_partial_branches": 0, "covered_branches": 0, "missing_branches": 0}, "missing_lines": [], "excluded_lines": [26, 27], "executed_branches": [], "missing_branches": []}, "CacheProtocol.set": {"executed_lines": [], "summary": {"covered_lines": 0, "num_statements": 0, "percent_covered": 100.0, "percent_covered_display": "100", "missing_lines": 0, "excluded_lines": 2, "num_branches": 0, "num_partial_branches": 0, "covered_branches": 0, "missing_branches": 0}, "missing_lines": [], "excluded_lines": [30, 31], "executed_branches": [], "missing_branches": []}, "CacheProtocol.__getitem__": {"executed_lines": [], "summary": {"covered_lines": 0, "num_statements": 0, "percent_covered": 100.0, "percent_covered_display": "100", "missing_lines": 0, "excluded_lines": 2, "num_branches": 0, "num_partial_branches": 0, "covered_branches": 0, "missing_branches": 0}, "missing_lines": [], "excluded_lines": [34, 35], "executed_branches": [], "missing_branches": []}, "CacheProtocol.__setitem__": {"executed_lines": [], "summary": {"covered_lines": 0, "num_statements": 0, "percent_covered": 100.0, "percent_covered_display": "100", "missing_lines": 0, "excluded_lines": 2, "num_branches": 0, "num_partial_branches": 0, "covered_branches": 0, "missing_branches": 0}, "missing_lines": [], "excluded_lines": [38, 39], "executed_branches": [], "missing_branches": []}, "CacheProtocol.__contains__": {"executed_lines": [], "summary": {"covered_lines": 0, "num_statements": 0, "percent_covered": 100.0, "percent_covered_display": "100", "missing_lines": 0, "excluded_lines": 2, "num_branches": 0, "num_partial_branches": 0, "covered_branches": 0, "missing_branches": 0}, "missing_lines": [], "excluded_lines": [42, 43], "executed_branches": [], "missing_branches": []}, "HighPerformanceLRUCache.__init__": {"executed_lines": [72, 73, 75, 76, 79, 80, 83, 85, 87], "summary": {"covered_lines": 9, "num_statements": 9, "percent_covered": 100.0, "percent_covered_display": "100", "missing_lines": 0, "excluded_lines": 0, "num_branches": 2, "num_partial_branches": 0, "covered_branches": 2, "missing_branches": 0}, "missing_lines": [], "excluded_lines": [], "executed_branches": [[72, 73], [72, 75]], "missing_branches": []}, "HighPerformanceLRUCache._validate_event_loop": {"executed_lines": [96, 97, 98, 99, 100, 104, 107, 108], "summary": {"covered_lines": 8, "num_statements": 9, "percent_covered": 86.66666666666667, "percent_covered_display": "87", "missing_lines": 1, "excluded_lines": 0, "num_branches": 6, "num_partial_branches": 1, "covered_branches": 5, "missing_branches": 1}, "missing_lines": [110], "excluded_lines": [], "executed_branches": [[96, -89], [96, 97], [99, -89], [99, 100], [107, 108]], "missing_branches": [[107, 110]]}, "HighPerformanceLRUCache.get": {"executed_lines": [123, 124, 126, 128, 129, 130, 131], "summary": {"covered_lines": 7, "num_statements": 7, "percent_covered": 100.0, "percent_covered_display": "100", "missing_lines": 0, "excluded_lines": 0, "num_branches": 4, "num_partial_branches": 0, "covered_branches": 4, "missing_branches": 0}, "missing_lines": [], "excluded_lines": [], "executed_branches": [[123, 124], [123, 126], [126, 128], [126, 131]], "missing_branches": []}, "HighPerformanceLRUCache.set": {"executed_lines": [141, 142, 144, 146, 147, 149, 151], "summary": {"covered_lines": 7, "num_statements": 7, "percent_covered": 100.0, "percent_covered_display": "100", "missing_lines": 0, "excluded_lines": 0, "num_branches": 6, "num_partial_branches": 0, "covered_branches": 6, "missing_branches": 0}, "missing_lines": [], "excluded_lines": [], "executed_branches": [[141, 142], [141, 144], [144, 146], [144, 147], [147, 149], [147, 151]], "missing_branches": []}, "HighPerformanceLRUCache.aget": {"executed_lines": [169, 170, 172, 174, 176, 177, 179, 180, 181, 184, 185, 187, 188, 191], "summary": {"covered_lines": 14, "num_statements": 14, "percent_covered": 100.0, "percent_covered_display": "100", "missing_lines": 0, "excluded_lines": 0, "num_branches": 4, "num_partial_branches": 0, "covered_branches": 4, "missing_branches": 0}, "missing_lines": [], "excluded_lines": [], "executed_branches": [[169, 170], [169, 172], [177, 179], [177, 184]], "missing_branches": []}, "HighPerformanceLRUCache.aset": {"executed_lines": [206, 207, 209, 211, 213, 214, 216, 217, 219, 221, 222, 224, 225, 228], "summary": {"covered_lines": 14, "num_statements": 14, "percent_covered": 100.0, "percent_covered_display": "100", "missing_lines": 0, "excluded_lines": 0, "num_branches": 6, "num_partial_branches": 0, "covered_branches": 6, "missing_branches": 0}, "missing_lines": [], "excluded_lines": [], "executed_branches": [[206, 207], [206, 209], [214, 216], [214, 217], [217, 219], [217, 221]], "missing_branches": []}, "HighPerformanceLRUCache.__getitem__": {"executed_lines": [233, 234, 235], "summary": {"covered_lines": 3, "num_statements": 3, "percent_covered": 100.0, "percent_covered_display": "100", "missing_lines": 0, "excluded_lines": 0, "num_branches": 2, "num_partial_branches": 0, "covered_branches": 2, "missing_branches": 0}, "missing_lines": [], "excluded_lines": [], "executed_branches": [[233, 234], [233, 235]], "missing_branches": []}, "HighPerformanceLRUCache.__setitem__": {"executed_lines": [239], "summary": {"covered_lines": 1, "num_statements": 1, "percent_covered": 100.0, "percent_covered_display": "100", "missing_lines": 0, "excluded_lines": 0, "num_branches": 0, "num_partial_branches": 0, "covered_branches": 0, "missing_branches": 0}, "missing_lines": [], "excluded_lines": [], "executed_branches": [], "missing_branches": []}, "HighPerformanceLRUCache.__contains__": {"executed_lines": [243], "summary": {"covered_lines": 1, "num_statements": 1, "percent_covered": 100.0, "percent_covered_display": "100", "missing_lines": 0, "excluded_lines": 0, "num_branches": 0, "num_partial_branches": 0, "covered_branches": 0, "missing_branches": 0}, "missing_lines": [], "excluded_lines": [], "executed_branches": [], "missing_branches": []}, "HighPerformanceLRUCache.__len__": {"executed_lines": [247], "summary": {"covered_lines": 1, "num_statements": 1, "percent_covered": 100.0, "percent_covered_display": "100", "missing_lines": 0, "excluded_lines": 0, "num_branches": 0, "num_partial_branches": 0, "covered_branches": 0, "missing_branches": 0}, "missing_lines": [], "excluded_lines": [], "executed_branches": [], "missing_branches": []}, "HighPerformanceLRUCache.__iter__": {"executed_lines": [251], "summary": {"covered_lines": 1, "num_statements": 1, "percent_covered": 100.0, "percent_covered_display": "100", "missing_lines": 0, "excluded_lines": 0, "num_branches": 0, "num_partial_branches": 0, "covered_branches": 0, "missing_branches": 0}, "missing_lines": [], "excluded_lines": [], "executed_branches": [], "missing_branches": []}, "HighPerformanceLRUCache.clear": {"executed_lines": [256], "summary": {"covered_lines": 1, "num_statements": 1, "percent_covered": 100.0, "percent_covered_display": "100", "missing_lines": 0, "excluded_lines": 0, "num_branches": 0, "num_partial_branches": 0, "covered_branches": 0, "missing_branches": 0}, "missing_lines": [], "excluded_lines": [], "executed_branches": [], "missing_branches": []}, "HighPerformanceLRUCache.aclear": {"executed_lines": [266, 268, 270, 271, 272, 275, 278], "summary": {"covered_lines": 7, "num_statements": 8, "percent_covered": 87.5, "percent_covered_display": "88", "missing_lines": 1, "excluded_lines": 0, "num_branches": 0, "num_partial_branches": 0, "covered_branches": 0, "missing_branches": 0}, "missing_lines": [274], "excluded_lines": [], "executed_branches": [], "missing_branches": []}, "HighPerformanceLRUCache.keys": {"executed_lines": [282], "summary": {"covered_lines": 1, "num_statements": 1, "percent_covered": 100.0, "percent_covered_display": "100", "missing_lines": 0, "excluded_lines": 0, "num_branches": 0, "num_partial_branches": 0, "covered_branches": 0, "missing_branches": 0}, "missing_lines": [], "excluded_lines": [], "executed_branches": [], "missing_branches": []}, "HighPerformanceLRUCache.values": {"executed_lines": [286], "summary": {"covered_lines": 1, "num_statements": 1, "percent_covered": 100.0, "percent_covered_display": "100", "missing_lines": 0, "excluded_lines": 0, "num_branches": 0, "num_partial_branches": 0, "covered_branches": 0, "missing_branches": 0}, "missing_lines": [], "excluded_lines": [], "executed_branches": [], "missing_branches": []}, "HighPerformanceLRUCache.items": {"executed_lines": [290], "summary": {"covered_lines": 1, "num_statements": 1, "percent_covered": 100.0, "percent_covered_display": "100", "missing_lines": 0, "excluded_lines": 0, "num_branches": 0, "num_partial_branches": 0, "covered_branches": 0, "missing_branches": 0}, "missing_lines": [], "excluded_lines": [], "executed_branches": [], "missing_branches": []}, "HighPerformanceLRUCache.get_capacity": {"executed_lines": [294], "summary": {"covered_lines": 1, "num_statements": 1, "percent_covered": 100.0, "percent_covered_display": "100", "missing_lines": 0, "excluded_lines": 0, "num_branches": 0, "num_partial_branches": 0, "covered_branches": 0, "missing_branches": 0}, "missing_lines": [], "excluded_lines": [], "executed_branches": [], "missing_branches": []}, "HighPerformanceLRUCache.get_size": {"executed_lines": [298], "summary": {"covered_lines": 1, "num_statements": 1, "percent_covered": 100.0, "percent_covered_display": "100", "missing_lines": 0, "excluded_lines": 0, "num_branches": 0, "num_partial_branches": 0, "covered_branches": 0, "missing_branches": 0}, "missing_lines": [], "excluded_lines": [], "executed_branches": [], "missing_branches": []}, "HighPerformanceLRUCache.is_full": {"executed_lines": [302], "summary": {"covered_lines": 1, "num_statements": 1, "percent_covered": 100.0, "percent_covered_display": "100", "missing_lines": 0, "excluded_lines": 0, "num_branches": 0, "num_partial_branches": 0, "covered_branches": 0, "missing_branches": 0}, "missing_lines": [], "excluded_lines": [], "executed_branches": [], "missing_branches": []}, "HighPerformanceLRUCache.get_bound_event_loop": {"executed_lines": [306], "summary": {"covered_lines": 1, "num_statements": 1, "percent_covered": 100.0, "percent_covered_display": "100", "missing_lines": 0, "excluded_lines": 0, "num_branches": 0, "num_partial_branches": 0, "covered_branches": 0, "missing_branches": 0}, "missing_lines": [], "excluded_lines": [], "executed_branches": [], "missing_branches": []}, "HighPerformanceLRUCache.is_bound_to_event_loop": {"executed_lines": [310], "summary": {"covered_lines": 1, "num_statements": 1, "percent_covered": 100.0, "percent_covered_display": "100", "missing_lines": 0, "excluded_lines": 0, "num_branches": 0, "num_partial_branches": 0, "covered_branches": 0, "missing_branches": 0}, "missing_lines": [], "excluded_lines": [], "executed_branches": [], "missing_branches": []}, "HighPerformanceLRUCache.rebind_to_event_loop": {"executed_lines": [322], "summary": {"covered_lines": 1, "num_statements": 1, "percent_covered": 100.0, "percent_covered_display": "100", "missing_lines": 0, "excluded_lines": 0, "num_branches": 0, "num_partial_branches": 0, "covered_branches": 0, "missing_branches": 0}, "missing_lines": [], "excluded_lines": [], "executed_branches": [], "missing_branches": []}, "HighPerformanceLRUCache.cleanup": {"executed_lines": [332, 334, 335, 341, 344, 347], "summary": {"covered_lines": 6, "num_statements": 6, "percent_covered": 100.0, "percent_covered_display": "100", "missing_lines": 0, "excluded_lines": 0, "num_branches": 2, "num_partial_branches": 0, "covered_branches": 2, "missing_branches": 0}, "missing_lines": [], "excluded_lines": [], "executed_branches": [[334, 335], [334, 341]], "missing_branches": []}, "": {"executed_lines": [1, 9, 10, 11, 13, 15, 22, 23, 25, 29, 33, 37, 41, 46, 47, 59, 89, 113, 133, 154, 193, 231, 237, 241, 245, 249, 254, 258, 280, 284, 288, 292, 296, 300, 304, 308, 312, 324, 351], "summary": {"covered_lines": 29, "num_statements": 29, "percent_covered": 100.0, "percent_covered_display": "100", "missing_lines": 0, "excluded_lines": 13, "num_branches": 0, "num_partial_branches": 0, "covered_branches": 0, "missing_branches": 0}, "missing_lines": [], "excluded_lines": [22, 23, 24, 25, 28, 29, 32, 33, 36, 37, 40, 41, 351], "executed_branches": [], "missing_branches": []}}, "classes": {"CacheProtocol": {"executed_lines": [], "summary": {"covered_lines": 0, "num_statements": 0, "percent_covered": 100.0, "percent_covered_display": "100", "missing_lines": 0, "excluded_lines": 10, "num_branches": 0, "num_partial_branches": 0, "covered_branches": 0, "missing_branches": 0}, "missing_lines": [], "excluded_lines": [26, 27, 30, 31, 34, 35, 38, 39, 42, 43], "executed_branches": [], "missing_branches": []}, "HighPerformanceLRUCache": {"executed_lines": [72, 73, 75, 76, 79, 80, 83, 85, 87, 96, 97, 98, 99, 100, 104, 107, 108, 123, 124, 126, 128, 129, 130, 131, 141, 142, 144, 146, 147, 149, 151, 169, 170, 172, 174, 176, 177, 179, 180, 181, 184, 185, 187, 188, 191, 206, 207, 209, 211, 213, 214, 216, 217, 219, 221, 222, 224, 225, 228, 233, 234, 235, 239, 243, 247, 251, 256, 266, 268, 270, 271, 272, 275, 278, 282, 286, 290, 294, 298, 302, 306, 310, 322, 332, 334, 335, 341, 344, 347], "summary": {"covered_lines": 89, "num_statements": 91, "percent_covered": 97.5609756097561, "percent_covered_display": "98", "missing_lines": 2, "excluded_lines": 0, "num_branches": 32, "num_partial_branches": 1, "covered_branches": 31, "missing_branches": 1}, "missing_lines": [110, 274], "excluded_lines": [], "executed_branches": [[72, 73], [72, 75], [96, -89], [96, 97], [99, -89], [99, 100], [107, 108], [123, 124], [123, 126], [126, 128], [126, 131], [141, 142], [141, 144], [144, 146], [144, 147], [147, 149], [147, 151], [169, 170], [169, 172], [177, 179], [177, 184], [206, 207], [206, 209], [214, 216], [214, 217], [217, 219], [217, 221], [233, 234], [233, 235], [334, 335], [334, 341]], "missing_branches": [[107, 110]]}, "": {"executed_lines": [1, 9, 10, 11, 13, 15, 22, 23, 25, 29, 33, 37, 41, 46, 47, 59, 89, 113, 133, 154, 193, 231, 237, 241, 245, 249, 254, 258, 280, 284, 288, 292, 296, 300, 304, 308, 312, 324, 351], "summary": {"covered_lines": 29, "num_statements": 29, "percent_covered": 100.0, "percent_covered_display": "100", "missing_lines": 0, "excluded_lines": 13, "num_branches": 0, "num_partial_branches": 0, "covered_branches": 0, "missing_branches": 0}, "missing_lines": [], "excluded_lines": [22, 23, 24, 25, 28, 29, 32, 33, 36, 37, 40, 41, 351], "executed_branches": [], "missing_branches": []}}}, "src/fapilog/cli/__init__.py": {"executed_lines": [], "summary": {"covered_lines": 0, "num_statements": 0, "percent_covered": 100.0, "percent_covered_display": "100", "missing_lines": 0, "excluded_lines": 0, "num_branches": 0, "num_partial_branches": 0, "covered_branches": 0, "missing_branches": 0}, "missing_lines": [], "excluded_lines": [], "executed_branches": [], "missing_branches": [], "functions": {"": {"executed_lines": [], "summary": {"covered_lines": 0, "num_statements": 0, "percent_covered": 100.0, "percent_covered_display": "100", "missing_lines": 0, "excluded_lines": 0, "num_branches": 0, "num_partial_branches": 0, "covered_branches": 0, "missing_branches": 0}, "missing_lines": [], "excluded_lines": [], "executed_branches": [], "missing_branches": []}}, "classes": {"": {"executed_lines": [], "summary": {"covered_lines": 0, "num_statements": 0, "percent_covered": 100.0, "percent_covered_display": "100", "missing_lines": 0, "excluded_lines": 0, "num_branches": 0, "num_partial_branches": 0, "covered_branches": 0, "missing_branches": 0}, "missing_lines": [], "excluded_lines": [], "executed_branches": [], "missing_branches": []}}}, "src/fapilog/cli/main.py": {"executed_lines": [1, 8, 10, 11, 14], "summary": {"covered_lines": 3, "num_statements": 3, "percent_covered": 100.0, "percent_covered_display": "100", "missing_lines": 0, "excluded_lines": 2, "num_branches": 0, "num_partial_branches": 0, "covered_branches": 0, "missing_branches": 0}, "missing_lines": [], "excluded_lines": [14, 15], "executed_branches": [], "missing_branches": [], "functions": {"main": {"executed_lines": [10, 11], "summary": {"covered_lines": 2, "num_statements": 2, "percent_covered": 100.0, "percent_covered_display": "100", "missing_lines": 0, "excluded_lines": 0, "num_branches": 0, "num_partial_branches": 0, "covered_branches": 0, "missing_branches": 0}, "missing_lines": [], "excluded_lines": [], "executed_branches": [], "missing_branches": []}, "": {"executed_lines": [1, 8, 14], "summary": {"covered_lines": 1, "num_statements": 1, "percent_covered": 100.0, "percent_covered_display": "100", "missing_lines": 0, "excluded_lines": 2, "num_branches": 0, "num_partial_branches": 0, "covered_branches": 0, "missing_branches": 0}, "missing_lines": [], "excluded_lines": [14, 15], "executed_branches": [], "missing_branches": []}}, "classes": {"": {"executed_lines": [1, 8, 10, 11, 14], "summary": {"covered_lines": 3, "num_statements": 3, "percent_covered": 100.0, "percent_covered_display": "100", "missing_lines": 0, "excluded_lines": 2, "num_branches": 0, "num_partial_branches": 0, "covered_branches": 0, "missing_branches": 0}, "missing_lines": [], "excluded_lines": [14, 15], "executed_branches": [], "missing_branches": []}}}, "src/fapilog/containers/__init__.py": {"executed_lines": [1, 8, 13, 21], "summary": {"covered_lines": 3, "num_statements": 3, "percent_covered": 100.0, "percent_covered_display": "100", "missing_lines": 0, "excluded_lines": 0, "num_branches": 0, "num_partial_branches": 0, "covered_branches": 0, "missing_branches": 0}, "missing_lines": [], "excluded_lines": [], "executed_branches": [], "missing_branches": [], "functions": {"": {"executed_lines": [1, 8, 13, 21], "summary": {"covered_lines": 3, "num_statements": 3, "percent_covered": 100.0, "percent_covered_display": "100", "missing_lines": 0, "excluded_lines": 0, "num_branches": 0, "num_partial_branches": 0, "covered_branches": 0, "missing_branches": 0}, "missing_lines": [], "excluded_lines": [], "executed_branches": [], "missing_branches": []}}, "classes": {"": {"executed_lines": [1, 8, 13, 21], "summary": {"covered_lines": 3, "num_statements": 3, "percent_covered": 100.0, "percent_covered_display": "100", "missing_lines": 0, "excluded_lines": 0, "num_branches": 0, "num_partial_branches": 0, "covered_branches": 0, "missing_branches": 0}, "missing_lines": [], "excluded_lines": [], "executed_branches": [], "missing_branches": []}}}, "src/fapilog/containers/container.py": {"executed_lines": [1, 8, 9, 10, 11, 12, 23, 25, 27, 28, 31, 32, 34, 35, 36, 37, 40, 41, 53, 55, 56, 57, 58, 59, 62, 65, 67, 69, 70, 72, 74, 76, 78, 79, 80, 83, 84, 85, 86, 88, 90, 92, 93, 94, 97, 98, 99, 100, 102, 105, 106, 107, 109, 112, 113, 114, 116, 134, 135, 137, 144, 159, 160, 161, 163, 166, 167, 174, 175, 177, 180, 183, 184, 187, 189, 191, 194, 195, 196, 200, 203, 204, 207, 209, 210, 212, 215, 217, 219, 221, 222, 224, 226, 227, 229, 231, 233, 235, 236, 238, 241, 242, 254, 255, 256, 257, 259], "summary": {"covered_lines": 104, "num_statements": 104, "percent_covered": 99.24242424242425, "percent_covered_display": "99", "missing_lines": 0, "excluded_lines": 0, "num_branches": 28, "num_partial_branches": 1, "covered_branches": 27, "missing_branches": 1}, "missing_lines": [], "excluded_lines": [], "executed_branches": [[79, 80], [79, 83], [83, 84], [83, 88], [84, 83], [84, 85], [93, 94], [93, 97], [97, 98], [97, 105], [134, 135], [134, 137], [160, 161], [160, 163], [166, 167], [166, 174], [174, 175], [174, 180], [183, 184], [183, 187], [194, 195], [194, 215], [195, 196], [195, 200], [203, 204], [203, 207], [209, 210]], "missing_branches": [[209, 212]], "functions": {"AsyncLoggingContainer.__init__": {"executed_lines": [55, 56, 57, 58, 59, 62, 65], "summary": {"covered_lines": 7, "num_statements": 7, "percent_covered": 100.0, "percent_covered_display": "100", "missing_lines": 0, "excluded_lines": 0, "num_branches": 0, "num_partial_branches": 0, "covered_branches": 0, "missing_branches": 0}, "missing_lines": [], "excluded_lines": [], "executed_branches": [], "missing_branches": []}, "AsyncLoggingContainer.__aenter__": {"executed_lines": [69, 70], "summary": {"covered_lines": 2, "num_statements": 2, "percent_covered": 100.0, "percent_covered_display": "100", "missing_lines": 0, "excluded_lines": 0, "num_branches": 0, "num_partial_branches": 0, "covered_branches": 0, "missing_branches": 0}, "missing_lines": [], "excluded_lines": [], "executed_branches": [], "missing_branches": []}, "AsyncLoggingContainer.__aexit__": {"executed_lines": [74], "summary": {"covered_lines": 1, "num_statements": 1, "percent_covered": 100.0, "percent_covered_display": "100", "missing_lines": 0, "excluded_lines": 0, "num_branches": 0, "num_partial_branches": 0, "covered_branches": 0, "missing_branches": 0}, "missing_lines": [], "excluded_lines": [], "executed_branches": [], "missing_branches": []}, "AsyncLoggingContainer.initialize": {"executed_lines": [78, 79, 80, 83, 84, 85, 86, 88], "summary": {"covered_lines": 8, "num_statements": 8, "percent_covered": 100.0, "percent_covered_display": "100", "missing_lines": 0, "excluded_lines": 0, "num_branches": 6, "num_partial_branches": 0, "covered_branches": 6, "missing_branches": 0}, "missing_lines": [], "excluded_lines": [], "executed_branches": [[79, 80], [79, 83], [83, 84], [83, 88], [84, 83], [84, 85]], "missing_branches": []}, "AsyncLoggingContainer.cleanup": {"executed_lines": [92, 93, 94, 97, 98, 99, 100, 102, 105, 106, 107, 109, 112, 113, 114], "summary": {"covered_lines": 15, "num_statements": 15, "percent_covered": 100.0, "percent_covered_display": "100", "missing_lines": 0, "excluded_lines": 0, "num_branches": 4, "num_partial_branches": 0, "covered_branches": 4, "missing_branches": 0}, "missing_lines": [], "excluded_lines": [], "executed_branches": [[93, 94], [93, 97], [97, 98], [97, 105]], "missing_branches": []}, "AsyncLoggingContainer.register_component": {"executed_lines": [134, 135, 137], "summary": {"covered_lines": 3, "num_statements": 3, "percent_covered": 100.0, "percent_covered_display": "100", "missing_lines": 0, "excluded_lines": 0, "num_branches": 2, "num_partial_branches": 0, "covered_branches": 2, "missing_branches": 0}, "missing_lines": [], "excluded_lines": [], "executed_branches": [[134, 135], [134, 137]], "missing_branches": []}, "AsyncLoggingContainer.get_component": {"executed_lines": [159, 160, 161, 163, 166, 167, 174, 175, 177, 180, 183, 184, 187], "summary": {"covered_lines": 13, "num_statements": 13, "percent_covered": 100.0, "percent_covered_display": "100", "missing_lines": 0, "excluded_lines": 0, "num_branches": 8, "num_partial_branches": 0, "covered_branches": 8, "missing_branches": 0}, "missing_lines": [], "excluded_lines": [], "executed_branches": [[160, 161], [160, 163], [166, 167], [166, 174], [174, 175], [174, 180], [183, 184], [183, 187]], "missing_branches": []}, "AsyncLoggingContainer._create_instance": {"executed_lines": [191, 194, 195, 196, 200, 203, 204, 207, 209, 210, 212, 215], "summary": {"covered_lines": 12, "num_statements": 12, "percent_covered": 95.0, "percent_covered_display": "95", "missing_lines": 0, "excluded_lines": 0, "num_branches": 8, "num_partial_branches": 1, "covered_branches": 7, "missing_branches": 1}, "missing_lines": [], "excluded_lines": [], "executed_branches": [[194, 195], [194, 215], [195, 196], [195, 200], [203, 204], [203, 207], [209, 210]], "missing_branches": [[209, 212]]}, "AsyncLoggingContainer.add_cleanup_callback": {"executed_lines": [219], "summary": {"covered_lines": 1, "num_statements": 1, "percent_covered": 100.0, "percent_covered_display": "100", "missing_lines": 0, "excluded_lines": 0, "num_branches": 0, "num_partial_branches": 0, "covered_branches": 0, "missing_branches": 0}, "missing_lines": [], "excluded_lines": [], "executed_branches": [], "missing_branches": []}, "AsyncLoggingContainer.is_initialized": {"executed_lines": [224], "summary": {"covered_lines": 1, "num_statements": 1, "percent_covered": 100.0, "percent_covered_display": "100", "missing_lines": 0, "excluded_lines": 0, "num_branches": 0, "num_partial_branches": 0, "covered_branches": 0, "missing_branches": 0}, "missing_lines": [], "excluded_lines": [], "executed_branches": [], "missing_branches": []}, "AsyncLoggingContainer.component_count": {"executed_lines": [229], "summary": {"covered_lines": 1, "num_statements": 1, "percent_covered": 100.0, "percent_covered_display": "100", "missing_lines": 0, "excluded_lines": 0, "num_branches": 0, "num_partial_branches": 0, "covered_branches": 0, "missing_branches": 0}, "missing_lines": [], "excluded_lines": [], "executed_branches": [], "missing_branches": []}, "AsyncLoggingContainer.list_components": {"executed_lines": [233], "summary": {"covered_lines": 1, "num_statements": 1, "percent_covered": 100.0, "percent_covered_display": "100", "missing_lines": 0, "excluded_lines": 0, "num_branches": 0, "num_partial_branches": 0, "covered_branches": 0, "missing_branches": 0}, "missing_lines": [], "excluded_lines": [], "executed_branches": [], "missing_branches": []}, "AsyncLoggingContainer.resources": {"executed_lines": [238], "summary": {"covered_lines": 1, "num_statements": 1, "percent_covered": 100.0, "percent_covered_display": "100", "missing_lines": 0, "excluded_lines": 0, "num_branches": 0, "num_partial_branches": 0, "covered_branches": 0, "missing_branches": 0}, "missing_lines": [], "excluded_lines": [], "executed_branches": [], "missing_branches": []}, "create_container": {"executed_lines": [254, 255, 256, 257, 259], "summary": {"covered_lines": 5, "num_statements": 5, "percent_covered": 100.0, "percent_covered_display": "100", "missing_lines": 0, "excluded_lines": 0, "num_branches": 0, "num_partial_branches": 0, "covered_branches": 0, "missing_branches": 0}, "missing_lines": [], "excluded_lines": [], "executed_branches": [], "missing_branches": []}, "": {"executed_lines": [1, 8, 9, 10, 11, 12, 23, 25, 27, 28, 31, 32, 34, 35, 36, 37, 40, 41, 53, 67, 72, 76, 90, 116, 144, 189, 217, 221, 222, 226, 227, 231, 235, 236, 241, 242], "summary": {"covered_lines": 33, "num_statements": 33, "percent_covered": 100.0, "percent_covered_display": "100", "missing_lines": 0, "excluded_lines": 0, "num_branches": 0, "num_partial_branches": 0, "covered_branches": 0, "missing_branches": 0}, "missing_lines": [], "excluded_lines": [], "executed_branches": [], "missing_branches": []}}, "classes": {"ComponentInfo": {"executed_lines": [], "summary": {"covered_lines": 0, "num_statements": 0, "percent_covered": 100.0, "percent_covered_display": "100", "missing_lines": 0, "excluded_lines": 0, "num_branches": 0, "num_partial_branches": 0, "covered_branches": 0, "missing_branches": 0}, "missing_lines": [], "excluded_lines": [], "executed_branches": [], "missing_branches": []}, "AsyncLoggingContainer": {"executed_lines": [55, 56, 57, 58, 59, 62, 65, 69, 70, 74, 78, 79, 80, 83, 84, 85, 86, 88, 92, 93, 94, 97, 98, 99, 100, 102, 105, 106, 107, 109, 112, 113, 114, 134, 135, 137, 159, 160, 161, 163, 166, 167, 174, 175, 177, 180, 183, 184, 187, 191, 194, 195, 196, 200, 203, 204, 207, 209, 210, 212, 215, 219, 224, 229, 233, 238], "summary": {"covered_lines": 66, "num_statements": 66, "percent_covered": 98.93617021276596, "percent_covered_display": "99", "missing_lines": 0, "excluded_lines": 0, "num_branches": 28, "num_partial_branches": 1, "covered_branches": 27, "missing_branches": 1}, "missing_lines": [], "excluded_lines": [], "executed_branches": [[79, 80], [79, 83], [83, 84], [83, 88], [84, 83], [84, 85], [93, 94], [93, 97], [97, 98], [97, 105], [134, 135], [134, 137], [160, 161], [160, 163], [166, 167], [166, 174], [174, 175], [174, 180], [183, 184], [183, 187], [194, 195], [194, 215], [195, 196], [195, 200], [203, 204], [203, 207], [209, 210]], "missing_branches": [[209, 212]]}, "": {"executed_lines": [1, 8, 9, 10, 11, 12, 23, 25, 27, 28, 31, 32, 34, 35, 36, 37, 40, 41, 53, 67, 72, 76, 90, 116, 144, 189, 217, 221, 222, 226, 227, 231, 235, 236, 241, 242, 254, 255, 256, 257, 259], "summary": {"covered_lines": 38, "num_statements": 38, "percent_covered": 100.0, "percent_covered_display": "100", "missing_lines": 0, "excluded_lines": 0, "num_branches": 0, "num_partial_branches": 0, "covered_branches": 0, "missing_branches": 0}, "missing_lines": [], "excluded_lines": [], "executed_branches": [], "missing_branches": []}}}, "src/fapilog/containers/lifecycle.py": {"executed_lines": [1, 8, 9, 10, 11, 12, 15, 16, 17, 19, 24, 25, 26, 28, 33, 34, 41, 43, 44, 46, 53, 54, 55, 58, 59, 61, 63, 65, 66, 67, 72, 75, 76, 83, 85, 86, 88, 90, 91, 92, 94, 95, 97, 99, 100, 101, 103, 104, 106, 107, 111, 112, 116, 117, 119, 122, 123, 135, 136, 138, 139, 141, 142], "summary": {"covered_lines": 48, "num_statements": 50, "percent_covered": 93.75, "percent_covered_display": "94", "missing_lines": 2, "excluded_lines": 22, "num_branches": 14, "num_partial_branches": 2, "covered_branches": 12, "missing_branches": 2}, "missing_lines": [68, 70], "excluded_lines": [15, 16, 17, 18, 19, 20, 21, 24, 25, 26, 27, 28, 29, 30, 106, 107, 108, 109, 111, 112, 113, 114], "executed_branches": [[54, 55], [58, 59], [65, 66], [65, 72], [91, 92], [91, 94], [100, 101], [100, 103], [135, 136], [135, 138], [141, -122], [141, 142]], "missing_branches": [[54, 58], [58, -46]], "functions": {"AsyncInitializable.initialize": {"executed_lines": [], "summary": {"covered_lines": 0, "num_statements": 0, "percent_covered": 100.0, "percent_covered_display": "100", "missing_lines": 0, "excluded_lines": 2, "num_branches": 0, "num_partial_branches": 0, "covered_branches": 0, "missing_branches": 0}, "missing_lines": [], "excluded_lines": [20, 21], "executed_branches": [], "missing_branches": []}, "AsyncCleanable.cleanup": {"executed_lines": [], "summary": {"covered_lines": 0, "num_statements": 0, "percent_covered": 100.0, "percent_covered_display": "100", "missing_lines": 0, "excluded_lines": 2, "num_branches": 0, "num_partial_branches": 0, "covered_branches": 0, "missing_branches": 0}, "missing_lines": [], "excluded_lines": [29, 30], "executed_branches": [], "missing_branches": []}, "LifecycleManager.__init__": {"executed_lines": [43, 44], "summary": {"covered_lines": 2, "num_statements": 2, "percent_covered": 100.0, "percent_covered_display": "100", "missing_lines": 0, "excluded_lines": 0, "num_branches": 0, "num_partial_branches": 0, "covered_branches": 0, "missing_branches": 0}, "missing_lines": [], "excluded_lines": [], "executed_branches": [], "missing_branches": []}, "LifecycleManager.initialize_component": {"executed_lines": [53, 54, 55, 58, 59], "summary": {"covered_lines": 5, "num_statements": 5, "percent_covered": 77.77777777777777, "percent_covered_display": "78", "missing_lines": 0, "excluded_lines": 0, "num_branches": 4, "num_partial_branches": 2, "covered_branches": 2, "missing_branches": 2}, "missing_lines": [], "excluded_lines": [], "executed_branches": [[54, 55], [58, 59]], "missing_branches": [[54, 58], [58, -46]]}, "LifecycleManager.cleanup_all": {"executed_lines": [63, 65, 66, 67, 72], "summary": {"covered_lines": 5, "num_statements": 7, "percent_covered": 77.77777777777777, "percent_covered_display": "78", "missing_lines": 2, "excluded_lines": 0, "num_branches": 2, "num_partial_branches": 0, "covered_branches": 2, "missing_branches": 0}, "missing_lines": [68, 70], "excluded_lines": [], "executed_branches": [[65, 66], [65, 72]], "missing_branches": []}, "AsyncComponentBase.__init__": {"executed_lines": [85, 86], "summary": {"covered_lines": 2, "num_statements": 2, "percent_covered": 100.0, "percent_covered_display": "100", "missing_lines": 0, "excluded_lines": 0, "num_branches": 0, "num_partial_branches": 0, "covered_branches": 0, "missing_branches": 0}, "missing_lines": [], "excluded_lines": [], "executed_branches": [], "missing_branches": []}, "AsyncComponentBase.initialize": {"executed_lines": [90, 91, 92, 94, 95], "summary": {"covered_lines": 5, "num_statements": 5, "percent_covered": 100.0, "percent_covered_display": "100", "missing_lines": 0, "excluded_lines": 0, "num_branches": 2, "num_partial_branches": 0, "covered_branches": 2, "missing_branches": 0}, "missing_lines": [], "excluded_lines": [], "executed_branches": [[91, 92], [91, 94]], "missing_branches": []}, "AsyncComponentBase.cleanup": {"executed_lines": [99, 100, 101, 103, 104], "summary": {"covered_lines": 5, "num_statements": 5, "percent_covered": 100.0, "percent_covered_display": "100", "missing_lines": 0, "excluded_lines": 0, "num_branches": 2, "num_partial_branches": 0, "covered_branches": 2, "missing_branches": 0}, "missing_lines": [], "excluded_lines": [], "executed_branches": [[100, 101], [100, 103]], "missing_branches": []}, "AsyncComponentBase._initialize_impl": {"executed_lines": [], "summary": {"covered_lines": 0, "num_statements": 0, "percent_covered": 100.0, "percent_covered_display": "100", "missing_lines": 0, "excluded_lines": 2, "num_branches": 0, "num_partial_branches": 0, "covered_branches": 0, "missing_branches": 0}, "missing_lines": [], "excluded_lines": [108, 109], "executed_branches": [], "missing_branches": []}, "AsyncComponentBase._cleanup_impl": {"executed_lines": [], "summary": {"covered_lines": 0, "num_statements": 0, "percent_covered": 100.0, "percent_covered_display": "100", "missing_lines": 0, "excluded_lines": 2, "num_branches": 0, "num_partial_branches": 0, "covered_branches": 0, "missing_branches": 0}, "missing_lines": [], "excluded_lines": [113, 114], "executed_branches": [], "missing_branches": []}, "AsyncComponentBase.is_initialized": {"executed_lines": [119], "summary": {"covered_lines": 1, "num_statements": 1, "percent_covered": 100.0, "percent_covered_display": "100", "missing_lines": 0, "excluded_lines": 0, "num_branches": 0, "num_partial_branches": 0, "covered_branches": 0, "missing_branches": 0}, "missing_lines": [], "excluded_lines": [], "executed_branches": [], "missing_branches": []}, "managed_component": {"executed_lines": [135, 136, 138, 139, 141, 142], "summary": {"covered_lines": 6, "num_statements": 6, "percent_covered": 100.0, "percent_covered_display": "100", "missing_lines": 0, "excluded_lines": 0, "num_branches": 4, "num_partial_branches": 0, "covered_branches": 4, "missing_branches": 0}, "missing_lines": [], "excluded_lines": [], "executed_branches": [[135, 136], [135, 138], [141, -122], [141, 142]], "missing_branches": []}, "": {"executed_lines": [1, 8, 9, 10, 11, 12, 15, 16, 17, 19, 24, 25, 26, 28, 33, 34, 41, 46, 61, 75, 76, 83, 88, 97, 106, 107, 111, 112, 116, 117, 122, 123], "summary": {"covered_lines": 17, "num_statements": 17, "percent_covered": 100.0, "percent_covered_display": "100", "missing_lines": 0, "excluded_lines": 14, "num_branches": 0, "num_partial_branches": 0, "covered_branches": 0, "missing_branches": 0}, "missing_lines": [], "excluded_lines": [15, 16, 17, 18, 19, 24, 25, 26, 27, 28, 106, 107, 111, 112], "executed_branches": [], "missing_branches": []}}, "classes": {"AsyncInitializable": {"executed_lines": [], "summary": {"covered_lines": 0, "num_statements": 0, "percent_covered": 100.0, "percent_covered_display": "100", "missing_lines": 0, "excluded_lines": 2, "num_branches": 0, "num_partial_branches": 0, "covered_branches": 0, "missing_branches": 0}, "missing_lines": [], "excluded_lines": [20, 21], "executed_branches": [], "missing_branches": []}, "AsyncCleanable": {"executed_lines": [], "summary": {"covered_lines": 0, "num_statements": 0, "percent_covered": 100.0, "percent_covered_display": "100", "missing_lines": 0, "excluded_lines": 2, "num_branches": 0, "num_partial_branches": 0, "covered_branches": 0, "missing_branches": 0}, "missing_lines": [], "excluded_lines": [29, 30], "executed_branches": [], "missing_branches": []}, "LifecycleManager": {"executed_lines": [43, 44, 53, 54, 55, 58, 59, 63, 65, 66, 67, 72], "summary": {"covered_lines": 12, "num_statements": 14, "percent_covered": 80.0, "percent_covered_display": "80", "missing_lines": 2, "excluded_lines": 0, "num_branches": 6, "num_partial_branches": 2, "covered_branches": 4, "missing_branches": 2}, "missing_lines": [68, 70], "excluded_lines": [], "executed_branches": [[54, 55], [58, 59], [65, 66], [65, 72]], "missing_branches": [[54, 58], [58, -46]]}, "AsyncComponentBase": {"executed_lines": [85, 86, 90, 91, 92, 94, 95, 99, 100, 101, 103, 104, 119], "summary": {"covered_lines": 13, "num_statements": 13, "percent_covered": 100.0, "percent_covered_display": "100", "missing_lines": 0, "excluded_lines": 4, "num_branches": 4, "num_partial_branches": 0, "covered_branches": 4, "missing_branches": 0}, "missing_lines": [], "excluded_lines": [108, 109, 113, 114], "executed_branches": [[91, 92], [91, 94], [100, 101], [100, 103]], "missing_branches": []}, "": {"executed_lines": [1, 8, 9, 10, 11, 12, 15, 16, 17, 19, 24, 25, 26, 28, 33, 34, 41, 46, 61, 75, 76, 83, 88, 97, 106, 107, 111, 112, 116, 117, 122, 123, 135, 136, 138, 139, 141, 142], "summary": {"covered_lines": 23, "num_statements": 23, "percent_covered": 100.0, "percent_covered_display": "100", "missing_lines": 0, "excluded_lines": 14, "num_branches": 4, "num_partial_branches": 0, "covered_branches": 4, "missing_branches": 0}, "missing_lines": [], "excluded_lines": [15, 16, 17, 18, 19, 24, 25, 26, 27, 28, 106, 107, 111, 112], "executed_branches": [[135, 136], [135, 138], [141, -122], [141, 142]], "missing_branches": []}}}, "src/fapilog/core/__init__.py": {"executed_lines": [1, 9, 10, 21, 22, 29, 30, 31, 48, 54, 55, 60, 92, 93, 94, 95, 96, 103, 110, 111, 112, 121], "summary": {"covered_lines": 21, "num_statements": 21, "percent_covered": 100.0, "percent_covered_display": "100", "missing_lines": 0, "excluded_lines": 0, "num_branches": 0, "num_partial_branches": 0, "covered_branches": 0, "missing_branches": 0}, "missing_lines": [], "excluded_lines": [], "executed_branches": [], "missing_branches": [], "functions": {"": {"executed_lines": [1, 9, 10, 21, 22, 29, 30, 31, 48, 54, 55, 60, 92, 93, 94, 95, 96, 103, 110, 111, 112, 121], "summary": {"covered_lines": 21, "num_statements": 21, "percent_covered": 100.0, "percent_covered_display": "100", "missing_lines": 0, "excluded_lines": 0, "num_branches": 0, "num_partial_branches": 0, "covered_branches": 0, "missing_branches": 0}, "missing_lines": [], "excluded_lines": [], "executed_branches": [], "missing_branches": []}}, "classes": {"": {"executed_lines": [1, 9, 10, 21, 22, 29, 30, 31, 48, 54, 55, 60, 92, 93, 94, 95, 96, 103, 110, 111, 112, 121], "summary": {"covered_lines": 21, "num_statements": 21, "percent_covered": 100.0, "percent_covered_display": "100", "missing_lines": 0, "excluded_lines": 0, "num_branches": 0, "num_partial_branches": 0, "covered_branches": 0, "missing_branches": 0}, "missing_lines": [], "excluded_lines": [], "executed_branches": [], "missing_branches": []}}}, "src/fapilog/core/access_control.py": {"executed_lines": [1, 7, 9, 11, 13, 16, 17, 19, 24, 29, 33, 38, 42, 48, 50, 52, 53, 60, 63, 64, 74, 75, 82, 83, 91, 92, 101, 102, 110], "summary": {"covered_lines": 27, "num_statements": 27, "percent_covered": 100.0, "percent_covered_display": "100", "missing_lines": 0, "excluded_lines": 0, "num_branches": 12, "num_partial_branches": 0, "covered_branches": 12, "missing_branches": 0}, "missing_lines": [], "excluded_lines": [], "executed_branches": [[52, 53], [52, 63], [63, 64], [63, 74], [74, 75], [74, 82], [82, 83], [82, 91], [91, 92], [91, 101], [101, 102], [101, 110]], "missing_branches": [], "functions": {"validate_access_control": {"executed_lines": [50, 52, 53, 60, 63, 64, 74, 75, 82, 83, 91, 92, 101, 102, 110], "summary": {"covered_lines": 15, "num_statements": 15, "percent_covered": 100.0, "percent_covered_display": "100", "missing_lines": 0, "excluded_lines": 0, "num_branches": 12, "num_partial_branches": 0, "covered_branches": 12, "missing_branches": 0}, "missing_lines": [], "excluded_lines": [], "executed_branches": [[52, 53], [52, 63], [63, 64], [63, 74], [74, 75], [74, 82], [82, 83], [82, 91], [91, 92], [91, 101], [101, 102], [101, 110]], "missing_branches": []}, "": {"executed_lines": [1, 7, 9, 11, 13, 16, 17, 19, 24, 29, 33, 38, 42, 48], "summary": {"covered_lines": 12, "num_statements": 12, "percent_covered": 100.0, "percent_covered_display": "100", "missing_lines": 0, "excluded_lines": 0, "num_branches": 0, "num_partial_branches": 0, "covered_branches": 0, "missing_branches": 0}, "missing_lines": [], "excluded_lines": [], "executed_branches": [], "missing_branches": []}}, "classes": {"AccessControlSettings": {"executed_lines": [], "summary": {"covered_lines": 0, "num_statements": 0, "percent_covered": 100.0, "percent_covered_display": "100", "missing_lines": 0, "excluded_lines": 0, "num_branches": 0, "num_partial_branches": 0, "covered_branches": 0, "missing_branches": 0}, "missing_lines": [], "excluded_lines": [], "executed_branches": [], "missing_branches": []}, "": {"executed_lines": [1, 7, 9, 11, 13, 16, 17, 19, 24, 29, 33, 38, 42, 48, 50, 52, 53, 60, 63, 64, 74, 75, 82, 83, 91, 92, 101, 102, 110], "summary": {"covered_lines": 27, "num_statements": 27, "percent_covered": 100.0, "percent_covered_display": "100", "missing_lines": 0, "excluded_lines": 0, "num_branches": 12, "num_partial_branches": 0, "covered_branches": 12, "missing_branches": 0}, "missing_lines": [], "excluded_lines": [], "executed_branches": [[52, 53], [52, 63], [63, 64], [63, 74], [74, 75], [74, 82], [82, 83], [82, 91], [91, 92], [91, 101], [101, 102], [101, 110]], "missing_branches": []}}}, "src/fapilog/core/adaptive.py": {"executed_lines": [1, 13, 15, 16, 17, 19, 20, 23, 24, 25, 32, 33, 34, 35, 37, 40, 42, 47, 49, 50, 51, 52, 55, 56, 57, 64, 65, 66, 68, 70, 71, 72, 74, 75, 79, 80, 81, 83, 84, 87, 99, 100, 101, 102, 104, 105, 107, 108, 112, 113, 116, 117, 118, 120], "summary": {"covered_lines": 51, "num_statements": 55, "percent_covered": 89.23076923076923, "percent_covered_display": "89", "missing_lines": 4, "excluded_lines": 0, "num_branches": 10, "num_partial_branches": 3, "covered_branches": 7, "missing_branches": 3}, "missing_lines": [41, 44, 45, 115], "excluded_lines": [], "executed_branches": [[40, 42], [42, 47], [71, 72], [71, 74], [104, 105], [104, 120], [113, 116]], "missing_branches": [[40, 41], [42, 44], [113, 115]], "functions": {"AdaptiveBatchSizer.next_size": {"executed_lines": [40, 42, 47, 49, 50, 51, 52], "summary": {"covered_lines": 7, "num_s
[...]
s": 0, "num_partial_branches": 0, "covered_branches": 0, "missing_branches": 0}, "missing_lines": [], "excluded_lines": [], "executed_branches": [], "missing_branches": []}, "MockFilter.start": {"executed_lines": [259], "summary": {"covered_lines": 1, "num_statements": 1, "percent_covered": 100.0, "percent_covered_display": "100", "missing_lines": 0, "excluded_lines": 0, "num_branches": 0, "num_partial_branches": 0, "covered_branches": 0, "missing_branches": 0}, "missing_lines": [], "excluded_lines": [], "executed_branches": [], "missing_branches": []}, "MockFilter.stop": {"executed_lines": [262], "summary": {"covered_lines": 1, "num_statements": 1, "percent_covered": 100.0, "percent_covered_display": "100", "missing_lines": 0, "excluded_lines": 0, "num_branches": 0, "num_partial_branches": 0, "covered_branches": 0, "missing_branches": 0}, "missing_lines": [], "excluded_lines": [], "executed_branches": [], "missing_branches": []}, "MockFilter.filter": {"executed_lines": [265, 267, 268, 269, 271, 274, 275, 276, 277, 278, 280, 281, 283, 284, 285, 287, 288], "summary": {"covered_lines": 17, "num_statements": 18, "percent_covered": 90.0, "percent_covered_display": "90", "missing_lines": 1, "excluded_lines": 0, "num_branches": 12, "num_partial_branches": 2, "covered_branches": 10, "missing_branches": 2}, "missing_lines": [272], "excluded_lines": [], "executed_branches": [[267, 268], [267, 271], [268, 269], [268, 271], [271, 274], [276, 277], [276, 280], [280, 281], [280, 287], [283, 284]], "missing_branches": [[271, 272], [283, 287]]}, "MockFilter.health_check": {"executed_lines": [], "summary": {"covered_lines": 0, "num_statements": 1, "percent_covered": 0.0, "percent_covered_display": "0", "missing_lines": 1, "excluded_lines": 0, "num_branches": 0, "num_partial_branches": 0, "covered_branches": 0, "missing_branches": 0}, "missing_lines": [291], "excluded_lines": [], "executed_branches": [], "missing_branches": []}, "MockFilter.reset": {"executed_lines": [294, 295, 296, 297, 298], "summary": {"covered_lines": 5, "num_statements": 5, "percent_covered": 100.0, "percent_covered_display": "100", "missing_lines": 0, "excluded_lines": 0, "num_branches": 0, "num_partial_branches": 0, "covered_branches": 0, "missing_branches": 0}, "missing_lines": [], "excluded_lines": [], "executed_branches": [], "missing_branches": []}, "": {"executed_lines": [1, 7, 9, 10, 11, 14, 15, 16, 18, 19, 20, 21, 24, 25, 34, 36, 44, 47, 50, 62, 66, 74, 80, 93, 94, 95, 97, 98, 99, 102, 103, 111, 113, 120, 123, 126, 139, 142, 149, 150, 151, 153, 154, 157, 158, 160, 162, 167, 170, 173, 183, 187, 195, 207, 211, 212, 214, 216, 220, 223, 226, 231, 235, 236, 237, 239, 240, 241, 242, 245, 246, 248, 250, 258, 261, 264, 290, 293, 302], "summary": {"covered_lines": 69, "num_statements": 69, "percent_covered": 100.0, "percent_covered_display": "100", "missing_lines": 0, "excluded_lines": 0, "num_branches": 0, "num_partial_branches": 0, "covered_branches": 0, "missing_branches": 0}, "missing_lines": [], "excluded_lines": [], "executed_branches": [], "missing_branches": []}}, "classes": {"MockSinkConfig": {"executed_lines": [], "summary": {"covered_lines": 0, "num_statements": 0, "percent_covered": 100.0, "percent_covered_display": "100", "missing_lines": 0, "excluded_lines": 0, "num_branches": 0, "num_partial_branches": 0, "covered_branches": 0, "missing_branches": 0}, "missing_lines": [], "excluded_lines": [], "executed_branches": [], "missing_branches": []}, "MockSink": {"executed_lines": [37, 38, 39, 40, 41, 42, 45, 48, 51, 52, 54, 56, 57, 58, 60, 63, 64, 68, 69, 70, 71, 72, 76, 82, 83, 85, 86, 87, 88], "summary": {"covered_lines": 28, "num_statements": 28, "percent_covered": 100.0, "percent_covered_display": "100", "missing_lines": 0, "excluded_lines": 1, "num_branches": 8, "num_partial_branches": 0, "covered_branches": 8, "missing_branches": 0}, "missing_lines": [], "excluded_lines": [83], "executed_branches": [[51, 52], [51, 54], [56, 57], [56, 60], [57, 58], [57, 60], [86, -80], [86, 87]], "missing_branches": []}, "MockEnricherConfig": {"executed_lines": [], "summary": {"covered_lines": 0, "num_statements": 0, "percent_covered": 100.0, "percent_covered_display": "100", "missing_lines": 0, "excluded_lines": 0, "num_branches": 0, "num_partial_branches": 0, "covered_branches": 0, "missing_branches": 0}, "missing_lines": [], "excluded_lines": [], "executed_branches": [], "missing_branches": []}, "MockEnricher": {"executed_lines": [114, 115, 116, 117, 118, 121, 124, 127, 129, 130, 131, 133, 136, 137, 143, 144, 145, 146], "summary": {"covered_lines": 18, "num_statements": 20, "percent_covered": 88.46153846153847, "percent_covered_display": "88", "missing_lines": 2, "excluded_lines": 0, "num_branches": 6, "num_partial_branches": 1, "covered_branches": 5, "missing_branches": 1}, "missing_lines": [134, 140], "excluded_lines": [], "executed_branches": [[129, 130], [129, 133], [130, 131], [130, 133], [133, 136]], "missing_branches": [[133, 134]]}, "MockRedactorConfig": {"executed_lines": [], "summary": {"covered_lines": 0, "num_statements": 0, "percent_covered": 100.0, "percent_covered_display": "100", "missing_lines": 0, "excluded_lines": 0, "num_branches": 0, "num_partial_branches": 0, "covered_branches": 0, "missing_branches": 0}, "missing_lines": [], "excluded_lines": [], "executed_branches": [], "missing_branches": []}, "MockRedactor": {"executed_lines": [163, 164, 165, 174, 175, 177, 178, 180, 181, 185, 189, 190, 191, 193, 196, 199, 200, 201, 202, 204, 205], "summary": {"covered_lines": 21, "num_statements": 26, "percent_covered": 77.5, "percent_covered_display": "78", "missing_lines": 5, "excluded_lines": 0, "num_branches": 14, "num_partial_branches": 4, "covered_branches": 10, "missing_branches": 4}, "missing_lines": [168, 171, 192, 197, 208], "excluded_lines": [], "executed_branches": [[177, 178], [177, 180], [189, 190], [189, 191], [191, 193], [196, 199], [200, 201], [200, 204], [201, 202], [204, 205]], "missing_branches": [[191, 192], [196, 197], [201, -195], [204, -195]]}, "MockProcessor": {"executed_lines": [217, 218, 221, 224, 227, 228, 229, 232], "summary": {"covered_lines": 8, "num_statements": 8, "percent_covered": 100.0, "percent_covered_display": "100", "missing_lines": 0, "excluded_lines": 0, "num_branches": 0, "num_partial_branches": 0, "covered_branches": 0, "missing_branches": 0}, "missing_lines": [], "excluded_lines": [], "executed_branches": [], "missing_branches": []}, "MockFilterConfig": {"executed_lines": [], "summary": {"covered_lines": 0, "num_statements": 0, "percent_covered": 100.0, "percent_covered_display": "100", "missing_lines": 0, "excluded_lines": 0, "num_branches": 0, "num_partial_branches": 0, "covered_branches": 0, "missing_branches": 0}, "missing_lines": [], "excluded_lines": [], "executed_branches": [], "missing_branches": []}, "MockFilter": {"executed_lines": [251, 252, 253, 254, 255, 256, 259, 262, 265, 267, 268, 269, 271, 274, 275, 276, 277, 278, 280, 281, 283, 284, 285, 287, 288, 294, 295, 296, 297, 298], "summary": {"covered_lines": 30, "num_statements": 32, "percent_covered": 90.9090909090909, "percent_covered_display": "91", "missing_lines": 2, "excluded_lines": 0, "num_branches": 12, "num_partial_branches": 2, "covered_branches": 10, "missing_branches": 2}, "missing_lines": [272, 291], "excluded_lines": [], "executed_branches": [[267, 268], [267, 271], [268, 269], [268, 271], [271, 274], [276, 277], [276, 280], [280, 281], [280, 287], [283, 284]], "missing_branches": [[271, 272], [283, 287]]}, "": {"executed_lines": [1, 7, 9, 10, 11, 14, 15, 16, 18, 19, 20, 21, 24, 25, 34, 36, 44, 47, 50, 62, 66, 74, 80, 93, 94, 95, 97, 98, 99, 102, 103, 111, 113, 120, 123, 126, 139, 142, 149, 150, 151, 153, 154, 157, 158, 160, 162, 167, 170, 173, 183, 187, 195, 207, 211, 212, 214, 216, 220, 223, 226, 231, 235, 236, 237, 239, 240, 241, 242, 245, 246, 248, 250, 258, 261, 264, 290, 293, 302], "summary": {"covered_lines": 69, "num_statements": 69, "percent_covered": 100.0, "percent_covered_display": "100", "missing_lines": 0, "excluded_lines": 0, "num_branches": 0, "num_partial_branches": 0, "covered_branches": 0, "missing_branches": 0}, "missing_lines": [], "excluded_lines": [], "executed_branches": [], "missing_branches": []}}}, "src/fapilog/testing/validators.py": {"executed_lines": [1, 7, 9, 10, 11, 12, 15, 16, 17, 19, 20, 21, 22, 24, 25, 26, 32, 33, 35, 38, 47, 48, 51, 52, 53, 54, 57, 58, 59, 60, 61, 63, 64, 65, 68, 69, 70, 71, 72, 73, 74, 75, 78, 79, 85, 86, 87, 88, 91, 99, 101, 102, 105, 106, 107, 108, 110, 111, 112, 113, 114, 116, 117, 121, 122, 123, 124, 125, 126, 127, 128, 131, 132, 133, 134, 138, 146, 148, 149, 152, 153, 155, 156, 157, 161, 162, 166, 167, 168, 169, 170, 172, 173, 175, 183, 185, 186, 189, 190, 191, 192, 194, 195, 196, 200, 201, 204, 205, 206, 207, 208, 210, 211, 213, 221, 223, 224, 226, 228, 231, 232, 233, 234, 235, 236, 237, 240, 241, 242, 243, 244, 245, 246, 247, 249, 250, 251, 252, 253, 255, 263, 268, 269, 270, 273, 274, 285, 286, 287, 288, 289, 292, 293, 294, 299, 300, 301, 302, 303, 305, 314], "summary": {"covered_lines": 158, "num_statements": 182, "percent_covered": 83.7748344370861, "percent_covered_display": "84", "missing_lines": 24, "excluded_lines": 0, "num_branches": 120, "num_partial_branches": 17, "covered_branches": 95, "missing_branches": 25}, "missing_lines": [89, 118, 136, 158, 159, 163, 171, 197, 198, 202, 209, 227, 229, 238, 275, 276, 277, 278, 279, 280, 281, 282, 295, 296], "excluded_lines": [], "executed_branches": [[25, -24], [25, 26], [51, 52], [51, 53], [53, 54], [53, 57], [58, 59], [58, 68], [59, 60], [59, 63], [64, 58], [64, 65], [69, 70], [69, 78], [70, 71], [70, 74], [72, 69], [72, 73], [74, 69], [74, 75], [78, 79], [85, 86], [85, 91], [88, 91], [105, 106], [105, 107], [107, 108], [107, 110], [111, 112], [111, 121], [112, 113], [112, 116], [117, 111], [122, 123], [122, 131], [123, 124], [123, 127], [125, 122], [125, 126], [127, 122], [127, 128], [131, 132], [131, 138], [134, 138], [152, 153], [152, 155], [156, 157], [156, 166], [157, 161], [162, 156], [167, 168], [167, 175], [168, 169], [168, 172], [170, 167], [172, 167], [172, 173], [189, 190], [189, 191], [191, 192], [191, 194], [195, 196], [195, 204], [196, 200], [201, 195], [205, 206], [205, 213], [206, 207], [206, 210], [208, 205], [210, 205], [210, 211], [226, 228], [228, 231], [232, 233], [232, 240], [233, 234], [233, 236], [237, 232], [241, 242], [241, 249], [242, 243], [242, 246], [244, 241], [244, 245], [246, 241], [246, 247], [249, 250], [249, 255], [252, 253], [252, 255], [273, 274], [285, 286], [292, 293], [299, 300]], "missing_branches": [[78, 85], [88, 89], [117, 118], [134, 136], [157, 158], [162, 163], [170, 171], [196, 197], [201, 202], [208, 209], [226, 227], [228, 229], [237, 238], [273, 275], [275, 276], [275, 277], [277, 278], [277, 279], [279, 280], [279, 281], [281, 282], [281, 285], [285, 292], [292, 299], [299, 305]], "functions": {"ValidationResult.raise_if_invalid": {"executed_lines": [25, 26], "summary": {"covered_lines": 2, "num_statements": 2, "percent_covered": 100.0, "percent_covered_display": "100", "missing_lines": 0, "excluded_lines": 0, "num_branches": 2, "num_partial_branches": 0, "covered_branches": 2, "missing_branches": 0}, "missing_lines": [], "excluded_lines": [], "executed_branches": [[25, -24], [25, 26]], "missing_branches": []}, "validate_sink": {"executed_lines": [47, 48, 51, 52, 53, 54, 57, 58, 59, 60, 61, 63, 64, 65, 68, 69, 70, 71, 72, 73, 74, 75, 78, 79, 85, 86, 87, 88, 91], "summary": {"covered_lines": 29, "num_statements": 30, "percent_covered": 94.44444444444444, "percent_covered_display": "94", "missing_lines": 1, "excluded_lines": 0, "num_branches": 24, "num_partial_branches": 2, "covered_branches": 22, "missing_branches": 2}, "missing_lines": [89], "excluded_lines": [], "executed_branches": [[51, 52], [51, 53], [53, 54], [53, 57], [58, 59], [58, 68], [59, 60], [59, 63], [64, 58], [64, 65], [69, 70], [69, 78], [70, 71], [70, 74], [72, 69], [72, 73], [74, 69], [74, 75], [78, 79], [85, 86], [85, 91], [88, 91]], "missing_branches": [[78, 85], [88, 89]]}, "validate_enricher": {"executed_lines": [101, 102, 105, 106, 107, 108, 110, 111, 112, 113, 114, 116, 117, 121, 122, 123, 124, 125, 126, 127, 128, 131, 132, 133, 134, 138], "summary": {"covered_lines": 26, "num_statements": 28, "percent_covered": 92.0, "percent_covered_display": "92", "missing_lines": 2, "excluded_lines": 0, "num_branches": 22, "num_partial_branches": 2, "covered_branches": 20, "missing_branches": 2}, "missing_lines": [118, 136], "excluded_lines": [], "executed_branches": [[105, 106], [105, 107], [107, 108], [107, 110], [111, 112], [111, 121], [112, 113], [112, 116], [117, 111], [122, 123], [122, 131], [123, 124], [123, 127], [125, 122], [125, 126], [127, 122], [127, 128], [131, 132], [131, 138], [134, 138]], "missing_branches": [[117, 118], [134, 136]]}, "validate_redactor": {"executed_lines": [148, 149, 152, 153, 155, 156, 157, 161, 162, 166, 167, 168, 169, 170, 172, 173, 175], "summary": {"covered_lines": 17, "num_statements": 21, "percent_covered": 81.08108108108108, "percent_covered_display": "81", "missing_lines": 4, "excluded_lines": 0, "num_branches": 16, "num_partial_branches": 3, "covered_branches": 13, "missing_branches": 3}, "missing_lines": [158, 159, 163, 171], "excluded_lines": [], "executed_branches": [[152, 153], [152, 155], [156, 157], [156, 166], [157, 161], [162, 156], [167, 168], [167, 175], [168, 169], [168, 172], [170, 167], [172, 167], [172, 173]], "missing_branches": [[157, 158], [162, 163], [170, 171]]}, "validate_processor": {"executed_lines": [185, 186, 189, 190, 191, 192, 194, 195, 196, 200, 201, 204, 205, 206, 207, 208, 210, 211, 213], "summary": {"covered_lines": 19, "num_statements": 23, "percent_covered": 82.92682926829268, "percent_covered_display": "83", "missing_lines": 4, "excluded_lines": 0, "num_branches": 18, "num_partial_branches": 3, "covered_branches": 15, "missing_branches": 3}, "missing_lines": [197, 198, 202, 209], "excluded_lines": [], "executed_branches": [[189, 190], [189, 191], [191, 192], [191, 194], [195, 196], [195, 204], [196, 200], [201, 195], [205, 206], [205, 213], [206, 207], [206, 210], [208, 205], [210, 205], [210, 211]], "missing_branches": [[196, 197], [201, 202], [208, 209]]}, "validate_filter": {"executed_lines": [223, 224, 226, 228, 231, 232, 233, 234, 235, 236, 237, 240, 241, 242, 243, 244, 245, 246, 247, 249, 250, 251, 252, 253, 255], "summary": {"covered_lines": 25, "num_statements": 28, "percent_covered": 88.0, "percent_covered_display": "88", "missing_lines": 3, "excluded_lines": 0, "num_branches": 22, "num_partial_branches": 3, "covered_branches": 19, "missing_branches": 3}, "missing_lines": [227, 229, 238], "excluded_lines": [], "executed_branches": [[226, 228], [228, 231], [232, 233], [232, 240], [233, 234], [233, 236], [237, 232], [241, 242], [241, 249], [242, 243], [242, 246], [244, 241], [244, 245], [246, 241], [246, 247], [249, 250], [249, 255], [252, 253], [252, 255]], "missing_branches": [[226, 227], [228, 229], [237, 238]]}, "validate_plugin_lifecycle": {"executed_lines": [268, 269, 270, 273, 274, 285, 286, 287, 288, 289, 292, 293, 294, 299, 300, 301, 302, 303, 305], "summary": {"covered_lines": 19, "num_statements": 29, "percent_covered": 51.111111111111114, "percent_covered_display": "51", "missing_lines": 10, "excluded_lines": 0, "num_branches": 16, "num_partial_branches": 4, "covered_branches": 4, "missing_branches": 12}, "missing_lines": [275, 276, 277, 278, 279, 280, 281, 282, 295, 296], "excluded_lines": [], "executed_branches": [[273, 274], [285, 286], [292, 293], [299, 300]], "missing_branches": [[273, 275], [275, 276], [275, 277], [277, 278], [277, 279], [279, 280], [279, 281], [281, 282], [281, 285], [285, 292], [292, 299], [299, 305]]}, "": {"executed_lines": [1, 7, 9, 10, 11, 12, 15, 16, 17, 19, 20, 21, 22, 24, 32, 33, 35, 38, 99, 146, 183, 221, 263, 314], "summary": {"covered_lines": 21, "num_statements": 21, "percent_covered": 100.0, "percent_covered_display": "100", "missing_lines": 0, "excluded_lines": 0, "num_branches": 0, "num_partial_branches": 0, "covered_branches": 0, "missing_branches": 0}, "missing_lines": [], "excluded_lines": [], "executed_branches": [], "missing_branches": []}}, "classes": {"ValidationResult": {"executed_lines": [25, 26], "summary": {"covered_lines": 2, "num_statements": 2, "percent_covered": 100.0, "percent_covered_display": "100", "missing_lines": 0, "excluded_lines": 0, "num_branches": 2, "num_partial_branches": 0, "covered_branches": 2, "missing_branches": 0}, "missing_lines": [], "excluded_lines": [], "executed_branches": [[25, -24], [25, 26]], "missing_branches": []}, "ProtocolViolationError": {"executed_lines": [], "summary": {"covered_lines": 0, "num_statements": 0, "percent_covered": 100.0, "percent_covered_display": "100", "missing_lines": 0, "excluded_lines": 0, "num_branches": 0, "num_partial_branches": 0, "covered_branches": 0, "missing_branches": 0}, "missing_lines": [], "excluded_lines": [], "executed_branches": [], "missing_branches": []}, "": {"executed_lines": [1, 7, 9, 10, 11, 12, 15, 16, 17, 19, 20, 21, 22, 24, 32, 33, 35, 38, 47, 48, 51, 52, 53, 54, 57, 58, 59, 60, 61, 63, 64, 65, 68, 69, 70, 71, 72, 73, 74, 75, 78, 79, 85, 86, 87, 88, 91, 99, 101, 102, 105, 106, 107, 108, 110, 111, 112, 113, 114, 116, 117, 121, 122, 123, 124, 125, 126, 127, 128, 131, 132, 133, 134, 138, 146, 148, 149, 152, 153, 155, 156, 157, 161, 162, 166, 167, 168, 169, 170, 172, 173, 175, 183, 185, 186, 189, 190, 191, 192, 194, 195, 196, 200, 201, 204, 205, 206, 207, 208, 210, 211, 213, 221, 223, 224, 226, 228, 231, 232, 233, 234, 235, 236, 237, 240, 241, 242, 243, 244, 245, 246, 247, 249, 250, 251, 252, 253, 255, 263, 268, 269, 270, 273, 274, 285, 286, 287, 288, 289, 292, 293, 294, 299, 300, 301, 302, 303, 305, 314], "summary": {"covered_lines": 156, "num_statements": 180, "percent_covered": 83.55704697986577, "percent_covered_display": "84", "missing_lines": 24, "excluded_lines": 0, "num_branches": 118, "num_partial_branches": 17, "covered_branches": 93, "missing_branches": 25}, "missing_lines": [89, 118, 136, 158, 159, 163, 171, 197, 198, 202, 209, 227, 229, 238, 275, 276, 277, 278, 279, 280, 281, 282, 295, 296], "excluded_lines": [], "executed_branches": [[51, 52], [51, 53], [53, 54], [53, 57], [58, 59], [58, 68], [59, 60], [59, 63], [64, 58], [64, 65], [69, 70], [69, 78], [70, 71], [70, 74], [72, 69], [72, 73], [74, 69], [74, 75], [78, 79], [85, 86], [85, 91], [88, 91], [105, 106], [105, 107], [107, 108], [107, 110], [111, 112], [111, 121], [112, 113], [112, 116], [117, 111], [122, 123], [122, 131], [123, 124], [123, 127], [125, 122], [125, 126], [127, 122], [127, 128], [131, 132], [131, 138], [134, 138], [152, 153], [152, 155], [156, 157], [156, 166], [157, 161], [162, 156], [167, 168], [167, 175], [168, 169], [168, 172], [170, 167], [172, 167], [172, 173], [189, 190], [189, 191], [191, 192], [191, 194], [195, 196], [195, 204], [196, 200], [201, 195], [205, 206], [205, 213], [206, 207], [206, 210], [208, 205], [210, 205], [210, 211], [226, 228], [228, 231], [232, 233], [232, 240], [233, 234], [233, 236], [237, 232], [241, 242], [241, 249], [242, 243], [242, 246], [244, 241], [244, 245], [246, 241], [246, 247], [249, 250], [249, 255], [252, 253], [252, 255], [273, 274], [285, 286], [292, 293], [299, 300]], "missing_branches": [[78, 85], [88, 89], [117, 118], [134, 136], [157, 158], [162, 163], [170, 171], [196, 197], [201, 202], [208, 209], [226, 227], [228, 229], [237, 238], [273, 275], [275, 276], [275, 277], [277, 278], [277, 279], [279, 280], [279, 281], [281, 282], [281, 285], [285, 292], [292, 299], [299, 305]]}}}}, "totals": {"covered_lines": 8140, "num_statements": 8776, "percent_covered": 90.87982832618026, "percent_covered_display": "91", "missing_lines": 636, "excluded_lines": 514, "num_branches": 2408, "num_partial_branches": 308, "covered_branches": 2024, "missing_branches": 384}}